This is pdfTeX, Version 3.14159265-2.6-1.40.16 (MiKTeX 2.9) (preloaded format=pdflatex 2016.2.5)  30 APR 2016 10:47
entering extended mode
**./assignment10.tex
(assignment10.tex
LaTeX2e <2015/10/01> patch level 2
Babel <3.9n> and hyphenation patterns for 69 languages loaded.

("C:\Users\Naina Sai Tipparti\AppData\Local\Programs\MiKTeX 2.9\tex\latex\base\
article.cls"
Document Class: article 2014/09/29 v1.4h Standard LaTeX document class

("C:\Users\Naina Sai Tipparti\AppData\Local\Programs\MiKTeX 2.9\tex\latex\base\
size12.clo"
File: size12.clo 2014/09/29 v1.4h Standard LaTeX file (size option)
)
\c@part=\count79
\c@section=\count80
\c@subsection=\count81
\c@subsubsection=\count82
\c@paragraph=\count83
\c@subparagraph=\count84
\c@figure=\count85
\c@table=\count86
\abovecaptionskip=\skip41
\belowcaptionskip=\skip42
\bibindent=\dimen102
)
("C:\Users\Naina Sai Tipparti\AppData\Local\Programs\MiKTeX 2.9\tex\latex\geome
try\geometry.sty"
Package: geometry 2010/09/12 v5.6 Page Geometry

("C:\Users\Naina Sai Tipparti\AppData\Local\Programs\MiKTeX 2.9\tex\latex\graph
ics\keyval.sty"
Package: keyval 2014/10/28 v1.15 key=value parser (DPC)
\KV@toks@=\toks14
)
("C:\Users\Naina Sai Tipparti\AppData\Local\Programs\MiKTeX 2.9\tex\generic\obe
rdiek\ifpdf.sty"
Package: ifpdf 2011/01/30 v2.3 Provides the ifpdf switch (HO)
Package ifpdf Info: pdfTeX in PDF mode is detected.
)
("C:\Users\Naina Sai Tipparti\AppData\Local\Programs\MiKTeX 2.9\tex\generic\obe
rdiek\ifvtex.sty"
Package: ifvtex 2010/03/01 v1.5 Detect VTeX and its facilities (HO)
Package ifvtex Info: VTeX not detected.
)
("C:\Users\Naina Sai Tipparti\AppData\Local\Programs\MiKTeX 2.9\tex\generic\ifx
etex\ifxetex.sty"
Package: ifxetex 2010/09/12 v0.6 Provides ifxetex conditional
)
\Gm@cnth=\count87
\Gm@cntv=\count88
\c@Gm@tempcnt=\count89
\Gm@bindingoffset=\dimen103
\Gm@wd@mp=\dimen104
\Gm@odd@mp=\dimen105
\Gm@even@mp=\dimen106
\Gm@layoutwidth=\dimen107
\Gm@layoutheight=\dimen108
\Gm@layouthoffset=\dimen109
\Gm@layoutvoffset=\dimen110
\Gm@dimlist=\toks15

("C:\Users\Naina Sai Tipparti\AppData\Local\Programs\MiKTeX 2.9\tex\latex\geome
try\geometry.cfg"))
("C:\Users\Naina Sai Tipparti\AppData\Local\Programs\MiKTeX 2.9\tex\latex\fancy
hdr\fancyhdr.sty"
\fancy@headwidth=\skip43
\f@ncyO@elh=\skip44
\f@ncyO@erh=\skip45
\f@ncyO@olh=\skip46
\f@ncyO@orh=\skip47
\f@ncyO@elf=\skip48
\f@ncyO@erf=\skip49
\f@ncyO@olf=\skip50
\f@ncyO@orf=\skip51
)
("C:\Users\Naina Sai Tipparti\AppData\Local\Programs\MiKTeX 2.9\tex\latex\lastp
age\lastpage.sty"
Package: lastpage 2015/03/29 v1.2m Refers to last page's name (HMM; JPG)
)
("C:\Users\Naina Sai Tipparti\AppData\Local\Programs\MiKTeX 2.9\tex\latex\graph
ics\graphicx.sty"
Package: graphicx 2014/10/28 v1.0g Enhanced LaTeX Graphics (DPC,SPQR)

("C:\Users\Naina Sai Tipparti\AppData\Local\Programs\MiKTeX 2.9\tex\latex\graph
ics\graphics.sty"
Package: graphics 2014/10/28 v1.0p Standard LaTeX Graphics (DPC,SPQR)

("C:\Users\Naina Sai Tipparti\AppData\Local\Programs\MiKTeX 2.9\tex\latex\graph
ics\trig.sty"
Package: trig 1999/03/16 v1.09 sin cos tan (DPC)
)
("C:\Users\Naina Sai Tipparti\AppData\Local\Programs\MiKTeX 2.9\tex\latex\00mik
tex\graphics.cfg"
File: graphics.cfg 2007/01/18 v1.5 graphics configuration of teTeX/TeXLive
)
Package graphics Info: Driver file: pdftex.def on input line 94.

("C:\Users\Naina Sai Tipparti\AppData\Local\Programs\MiKTeX 2.9\tex\latex\pdfte
x-def\pdftex.def"
File: pdftex.def 2011/05/27 v0.06d Graphics/color for pdfTeX

("C:\Users\Naina Sai Tipparti\AppData\Local\Programs\MiKTeX 2.9\tex\generic\obe
rdiek\infwarerr.sty"
Package: infwarerr 2010/04/08 v1.3 Providing info/warning/error messages (HO)
)
("C:\Users\Naina Sai Tipparti\AppData\Local\Programs\MiKTeX 2.9\tex\generic\obe
rdiek\ltxcmds.sty"
Package: ltxcmds 2011/11/09 v1.22 LaTeX kernel commands for general use (HO)
)
\Gread@gobject=\count90
))
\Gin@req@height=\dimen111
\Gin@req@width=\dimen112
)
("C:\Users\Naina Sai Tipparti\AppData\Local\Programs\MiKTeX 2.9\tex\latex\csquo
tes\csquotes.sty"
Package: csquotes 2016/01/31 v5.1g context-sensitive quotations (JAW)

("C:\Users\Naina Sai Tipparti\AppData\Local\Programs\MiKTeX 2.9\tex\latex\etool
box\etoolbox.sty"
Package: etoolbox 2015/08/02 v2.2a e-TeX tools for LaTeX (JAW)
\etb@tempcnta=\count91
)
\csq@reset=\count92
\csq@gtype=\count93
\csq@glevel=\count94
\csq@qlevel=\count95
\csq@maxlvl=\count96
\csq@tshold=\count97
\csq@ltx@everypar=\toks16

("C:\Users\Naina Sai Tipparti\AppData\Local\Programs\MiKTeX 2.9\tex\latex\csquo
tes\csquotes.def"
File: csquotes.def 2016/01/31 v5.1g csquotes generic definitions (JAW)
)
Package csquotes Info: Trying to load configuration file 'csquotes.cfg'...
Package csquotes Info: ... configuration file loaded successfully.

("C:\Users\Naina Sai Tipparti\AppData\Local\Programs\MiKTeX 2.9\tex\latex\csquo
tes\csquotes.cfg"
File: csquotes.cfg 
))
("C:\Users\Naina Sai Tipparti\AppData\Local\Programs\MiKTeX 2.9\tex\latex\url\u
rl.sty"
\Urlmuskip=\muskip10
Package: url 2013/09/16  ver 3.4  Verb mode for urls, etc.
)
("C:\Users\Naina Sai Tipparti\AppData\Local\Programs\MiKTeX 2.9\tex\latex\hyper
ref\hyperref.sty"
Package: hyperref 2012/11/06 v6.83m Hypertext links for LaTeX

("C:\Users\Naina Sai Tipparti\AppData\Local\Programs\MiKTeX 2.9\tex\generic\obe
rdiek\hobsub-hyperref.sty"
Package: hobsub-hyperref 2012/04/25 v1.12 Bundle oberdiek, subset hyperref (HO)


("C:\Users\Naina Sai Tipparti\AppData\Local\Programs\MiKTeX 2.9\tex\generic\obe
rdiek\hobsub-generic.sty"
Package: hobsub-generic 2012/04/25 v1.12 Bundle oberdiek, subset generic (HO)
Package: hobsub 2012/04/25 v1.12 Construct package bundles (HO)
Package hobsub Info: Skipping package `infwarerr' (already loaded).
Package hobsub Info: Skipping package `ltxcmds' (already loaded).
Package: ifluatex 2010/03/01 v1.3 Provides the ifluatex switch (HO)
Package ifluatex Info: LuaTeX not detected.
Package hobsub Info: Skipping package `ifvtex' (already loaded).
Package: intcalc 2007/09/27 v1.1 Expandable calculations with integers (HO)
Package hobsub Info: Skipping package `ifpdf' (already loaded).
Package: etexcmds 2011/02/16 v1.5 Avoid name clashes with e-TeX commands (HO)
Package etexcmds Info: Could not find \expanded.
(etexcmds)             That can mean that you are not using pdfTeX 1.50 or
(etexcmds)             that some package has redefined \expanded.
(etexcmds)             In the latter case, load this package earlier.
Package: kvsetkeys 2012/04/25 v1.16 Key value parser (HO)
Package: kvdefinekeys 2011/04/07 v1.3 Define keys (HO)
Package: pdftexcmds 2011/11/29 v0.20 Utility functions of pdfTeX for LuaTeX (HO
)
Package pdftexcmds Info: LuaTeX not detected.
Package pdftexcmds Info: \pdf@primitive is available.
Package pdftexcmds Info: \pdf@ifprimitive is available.
Package pdftexcmds Info: \pdfdraftmode found.
Package: pdfescape 2011/11/25 v1.13 Implements pdfTeX's escape features (HO)
Package: bigintcalc 2012/04/08 v1.3 Expandable calculations on big integers (HO
)
Package: bitset 2011/01/30 v1.1 Handle bit-vector datatype (HO)
Package: uniquecounter 2011/01/30 v1.2 Provide unlimited unique counter (HO)
)
Package hobsub Info: Skipping package `hobsub' (already loaded).
Package: letltxmacro 2010/09/02 v1.4 Let assignment for LaTeX macros (HO)
Package: hopatch 2011/06/24 v1.1 Wrapper for package hooks (HO)
Package: xcolor-patch 2011/01/30 xcolor patch
Package: atveryend 2011/06/30 v1.8 Hooks at the very end of document (HO)
Package: atbegshi 2011/10/05 v1.16 At begin shipout hook (HO)
Package: refcount 2011/10/16 v3.4 Data extraction from label references (HO)
Package: hycolor 2011/01/30 v1.7 Color options for hyperref/bookmark (HO)
)
("C:\Users\Naina Sai Tipparti\AppData\Local\Programs\MiKTeX 2.9\tex\latex\oberd
iek\auxhook.sty"
Package: auxhook 2011/03/04 v1.3 Hooks for auxiliary files (HO)
)
("C:\Users\Naina Sai Tipparti\AppData\Local\Programs\MiKTeX 2.9\tex\latex\oberd
iek\kvoptions.sty"
Package: kvoptions 2011/06/30 v3.11 Key value format for package options (HO)
)
\@linkdim=\dimen113
\Hy@linkcounter=\count98
\Hy@pagecounter=\count99

("C:\Users\Naina Sai Tipparti\AppData\Local\Programs\MiKTeX 2.9\tex\latex\hyper
ref\pd1enc.def"
File: pd1enc.def 2012/11/06 v6.83m Hyperref: PDFDocEncoding definition (HO)
)
\Hy@SavedSpaceFactor=\count100

("C:\Users\Naina Sai Tipparti\AppData\Local\Programs\MiKTeX 2.9\tex\latex\00mik
tex\hyperref.cfg"
File: hyperref.cfg 2002/06/06 v1.2 hyperref configuration of TeXLive
)
Package hyperref Info: Hyper figures OFF on input line 4443.
Package hyperref Info: Link nesting OFF on input line 4448.
Package hyperref Info: Hyper index ON on input line 4451.
Package hyperref Info: Plain pages OFF on input line 4458.
Package hyperref Info: Backreferencing OFF on input line 4463.
Package hyperref Info: Implicit mode ON; LaTeX internals redefined.
Package hyperref Info: Bookmarks ON on input line 4688.
\c@Hy@tempcnt=\count101
LaTeX Info: Redefining \url on input line 5041.
\XeTeXLinkMargin=\dimen114
\Fld@menulength=\count102
\Field@Width=\dimen115
\Fld@charsize=\dimen116
Package hyperref Info: Hyper figures OFF on input line 6295.
Package hyperref Info: Link nesting OFF on input line 6300.
Package hyperref Info: Hyper index ON on input line 6303.
Package hyperref Info: backreferencing OFF on input line 6310.
Package hyperref Info: Link coloring OFF on input line 6315.
Package hyperref Info: Link coloring with OCG OFF on input line 6320.
Package hyperref Info: PDF/A mode OFF on input line 6325.
LaTeX Info: Redefining \ref on input line 6365.
LaTeX Info: Redefining \pageref on input line 6369.
\Hy@abspage=\count103
\c@Item=\count104
\c@Hfootnote=\count105
)

Package hyperref Message: Driver (autodetected): hpdftex.


("C:\Users\Naina Sai Tipparti\AppData\Local\Programs\MiKTeX 2.9\tex\latex\hyper
ref\hpdftex.def"
File: hpdftex.def 2012/11/06 v6.83m Hyperref driver for pdfTeX
\Fld@listcount=\count106
\c@bookmark@seq@number=\count107

("C:\Users\Naina Sai Tipparti\AppData\Local\Programs\MiKTeX 2.9\tex\latex\oberd
iek\rerunfilecheck.sty"
Package: rerunfilecheck 2011/04/15 v1.7 Rerun checks for auxiliary files (HO)
Package uniquecounter Info: New unique counter `rerunfilecheck' on input line 2
82.
)
\Hy@SectionHShift=\skip52
)
("C:\Users\Naina Sai Tipparti\AppData\Local\Programs\MiKTeX 2.9\tex\latex\impor
t\import.sty"
Package: import 2009/03/23  v 5.1
)
("C:\Users\Naina Sai Tipparti\AppData\Local\Programs\MiKTeX 2.9\tex\latex\graph
ics\color.sty"
Package: color 2014/10/28 v1.1a Standard LaTeX Color (DPC)

("C:\Users\Naina Sai Tipparti\AppData\Local\Programs\MiKTeX 2.9\tex\latex\00mik
tex\color.cfg"
File: color.cfg 2007/01/18 v1.5 color configuration of teTeX/TeXLive
)
Package color Info: Driver file: pdftex.def on input line 142.
)
("C:\Users\Naina Sai Tipparti\AppData\Local\Programs\MiKTeX 2.9\tex\latex\base\
fontenc.sty"
Package: fontenc 2005/09/27 v1.99g Standard LaTeX package

("C:\Users\Naina Sai Tipparti\AppData\Local\Programs\MiKTeX 2.9\tex\latex\base\
t1enc.def"
File: t1enc.def 2005/09/27 v1.99g Standard LaTeX file
LaTeX Font Info:    Redeclaring font encoding T1 on input line 48.
))
("C:\Users\Naina Sai Tipparti\AppData\Local\Programs\MiKTeX 2.9\tex\latex\ms\ra
gged2e.sty"
Package: ragged2e 2009/05/21 v2.1 ragged2e Package (MS)

("C:\Users\Naina Sai Tipparti\AppData\Local\Programs\MiKTeX 2.9\tex\latex\ms\ev
erysel.sty"
Package: everysel 2011/10/28 v1.2 EverySelectfont Package (MS)
)
\CenteringLeftskip=\skip53
\RaggedLeftLeftskip=\skip54
\RaggedRightLeftskip=\skip55
\CenteringRightskip=\skip56
\RaggedLeftRightskip=\skip57
\RaggedRightRightskip=\skip58
\CenteringParfillskip=\skip59
\RaggedLeftParfillskip=\skip60
\RaggedRightParfillskip=\skip61
\JustifyingParfillskip=\skip62
\CenteringParindent=\skip63
\RaggedLeftParindent=\skip64
\RaggedRightParindent=\skip65
\JustifyingParindent=\skip66
)
("C:\Users\Naina Sai Tipparti\AppData\Local\Programs\MiKTeX 2.9\tex\latex\tools
\verbatim.sty"
Package: verbatim 2014/10/28 v1.5q LaTeX2e package for verbatim enhancements
\every@verbatim=\toks17
\verbatim@line=\toks18
\verbatim@in@stream=\read1
)
("C:\Users\Naina Sai Tipparti\AppData\Local\Programs\MiKTeX 2.9\tex\latex\listi
ngs\listings.sty"
\lst@mode=\count108
\lst@gtempboxa=\box26
\lst@token=\toks19
\lst@length=\count109
\lst@currlwidth=\dimen117
\lst@column=\count110
\lst@pos=\count111
\lst@lostspace=\dimen118
\lst@width=\dimen119
\lst@newlines=\count112
\lst@lineno=\count113
\lst@maxwidth=\dimen120

("C:\Users\Naina Sai Tipparti\AppData\Local\Programs\MiKTeX 2.9\tex\latex\listi
ngs\lstmisc.sty"
File: lstmisc.sty 2015/06/04 1.6 (Carsten Heinz)
\c@lstnumber=\count114
\lst@skipnumbers=\count115
\lst@framebox=\box27
)
("C:\Users\Naina Sai Tipparti\AppData\Local\Programs\MiKTeX 2.9\tex\latex\listi
ngs\listings.cfg"
File: listings.cfg 2015/06/04 1.6 listings configuration
))
Package: listings 2015/06/04 1.6 (Carsten Heinz)

("C:\Users\Naina Sai Tipparti\AppData\Local\Programs\MiKTeX 2.9\tex\latex\multi
row\multirow.sty"
\bigstrutjot=\dimen121
)
Package hyperref Info: Option `colorlinks' set `true' on input line 84.
Package hyperref Info: Option `breaklinks' set `true' on input line 84.
Package csquotes Info: Checking for multilingual support...
Package csquotes Info: ... none found.
 (assignment10.aux (q1/q1.aux) (q2/q2.aux) (q3/q3.aux)
(q4/q4.aux))
\openout1 = `assignment10.aux'.

LaTeX Font Info:    Checking defaults for OML/cmm/m/it on input line 88.
LaTeX Font Info:    ... okay on input line 88.
LaTeX Font Info:    Checking defaults for T1/cmr/m/n on input line 88.
LaTeX Font Info:    ... okay on input line 88.
LaTeX Font Info:    Checking defaults for OT1/cmr/m/n on input line 88.
LaTeX Font Info:    ... okay on input line 88.
LaTeX Font Info:    Checking defaults for OMS/cmsy/m/n on input line 88.
LaTeX Font Info:    ... okay on input line 88.
LaTeX Font Info:    Checking defaults for OMX/cmex/m/n on input line 88.
LaTeX Font Info:    ... okay on input line 88.
LaTeX Font Info:    Checking defaults for U/cmr/m/n on input line 88.
LaTeX Font Info:    ... okay on input line 88.
LaTeX Font Info:    Checking defaults for PD1/pdf/m/n on input line 88.
LaTeX Font Info:    ... okay on input line 88.

*geometry* driver: auto-detecting
*geometry* detected driver: pdftex
*geometry* verbose mode - [ preamble ] result:
* driver: pdftex
* paper: letterpaper
* layout: <same size as paper>
* layoutoffset:(h,v)=(0.0pt,0.0pt)
* modes: 
* h-part:(L,W,R)=(86.72377pt, 440.84746pt, 86.72377pt)
* v-part:(T,H,B)=(86.72377pt, 621.52245pt, 86.72377pt)
* \paperwidth=614.295pt
* \paperheight=794.96999pt
* \textwidth=469.75499pt
* \textheight=650.43pt
* \oddsidemargin=0.0pt
* \evensidemargin=0.0pt
* \topmargin=-32.52127pt
* \headheight=15.0pt
* \headsep=18.06749pt
* \topskip=12.0pt
* \footskip=30.0pt
* \marginparwidth=44.0pt
* \marginparsep=10.0pt
* \columnsep=10.0pt
* \skip\footins=10.8pt plus 4.0pt minus 2.0pt
* \hoffset=0.0pt
* \voffset=0.0pt
* \mag=1000
* \@twocolumnfalse
* \@twosidefalse
* \@mparswitchfalse
* \@reversemarginfalse
* (1in=72.27pt=25.4mm, 1cm=28.453pt)

Package lastpage Info: Please have a look at the pageslts package at
(lastpage)             https://www.ctan.org/pkg/pageslts
(lastpage)             ! on input line 88.

("C:\Users\Naina Sai Tipparti\AppData\Local\Programs\MiKTeX 2.9\tex\context\bas
e\supp-pdf.mkii"
[Loading MPS to PDF converter (version 2006.09.02).]
\scratchcounter=\count116
\scratchdimen=\dimen122
\scratchbox=\box28
\nofMPsegments=\count117
\nofMParguments=\count118
\everyMPshowfont=\toks20
\MPscratchCnt=\count119
\MPscratchDim=\dimen123
\MPnumerator=\count120
\makeMPintoPDFobject=\count121
\everyMPtoPDFconversion=\toks21
)
\AtBeginShipoutBox=\box29
Package hyperref Info: Link coloring ON on input line 88.

("C:\Users\Naina Sai Tipparti\AppData\Local\Programs\MiKTeX 2.9\tex\latex\hyper
ref\nameref.sty"
Package: nameref 2012/10/27 v2.43 Cross-referencing by name of section

("C:\Users\Naina Sai Tipparti\AppData\Local\Programs\MiKTeX 2.9\tex\generic\obe
rdiek\gettitlestring.sty"
Package: gettitlestring 2010/12/03 v1.4 Cleanup title references (HO)
)
\c@section@level=\count122
)
LaTeX Info: Redefining \ref on input line 88.
LaTeX Info: Redefining \pageref on input line 88.
LaTeX Info: Redefining \nameref on input line 88.
 (assignment10.out) (assignment10.out)
\@outlinefile=\write3
\openout3 = `assignment10.out'.


ABD: EverySelectfont initializing macros
LaTeX Info: Redefining \selectfont on input line 88.
\c@lstlisting=\count123
LaTeX Font Info:    External font `cmex10' loaded for size
(Font)              <14.4> on input line 91.
LaTeX Font Info:    External font `cmex10' loaded for size
(Font)              <7> on input line 91.
 [1


{C:/Users/Naina Sai Tipparti/AppData/Local/MiKTeX/2.9/pdftex/config/pdftex.map}
] (assignment10.toc
LaTeX Font Info:    External font `cmex10' loaded for size
(Font)              <12> on input line 2.
LaTeX Font Info:    External font `cmex10' loaded for size
(Font)              <8> on input line 2.
LaTeX Font Info:    External font `cmex10' loaded for size
(Font)              <6> on input line 2.
)
\tf@toc=\write4
\openout4 = `assignment10.toc'.


(assignment10.lof)
\tf@lof=\write5
\openout5 = `assignment10.lof'.

 (assignment10.lol)
\tf@lol=\write6
\openout6 = `assignment10.lol'.

pdfTeX warning (ext4): destination with the same identifier (name{page.1}) has 
been already used, duplicate ignored
<to be read again> 
                   \relax 
l.103 \include{q1/q1}
                      [1

]
\openout2 = `q1/q1.aux'.

 (q1/q1.tex (q1/a10.tex
LaTeX Font Info:    Try loading font information for T1+cmtt on input line 12.

("C:\Users\Naina Sai Tipparti\AppData\Local\Programs\MiKTeX 2.9\tex\latex\base\
t1cmtt.fd"
File: t1cmtt.fd 2014/09/29 v2.5h Standard LaTeX font definitions
))
Underfull \hbox (badness 10000) in paragraph at lines 1--5

 []


Underfull \hbox (badness 10000) in paragraph at lines 1--5

 []


Underfull \hbox (badness 10000) in paragraph at lines 1--5

 []


Underfull \hbox (badness 10000) in paragraph at lines 1--5

 []


Underfull \hbox (badness 10000) in paragraph at lines 1--5

 []


Underfull \hbox (badness 10000) in paragraph at lines 1--5

 []


("C:\Users\Naina Sai Tipparti\AppData\Local\Programs\MiKTeX 2.9\tex\latex\listi
ngs\lstlang1.sty"
File: lstlang1.sty 2015/06/04 1.6 listings language file
)
Package hyperref Info: bookmark level for unknown lstlisting defaults to 0 on i
nput line 9.
 (q1/cluster.py
LaTeX Font Info:    Try loading font information for OMS+cmr on input line 9.

("C:\Users\Naina Sai Tipparti\AppData\Local\Programs\MiKTeX 2.9\tex\latex\base\
omscmr.fd"
File: omscmr.fd 2014/09/29 v2.5h Standard LaTeX font definitions
)
LaTeX Font Info:    Font shape `OMS/cmr/m/n' in size <8> not available
(Font)              Font shape `OMS/cmsy/m/n' tried instead on input line 9.
 [2

]
LaTeX Font Info:    External font `cmex10' loaded for size
(Font)              <5> on input line 46.
) <q1/fig1.png, id=149, 341.02406pt x 467.49657pt>
File: q1/fig1.png Graphic file (type png)

<use q1/fig1.png>
Package pdftex.def Info: q1/fig1.png used on input line 13.
(pdftex.def)             Requested size: 289.87181pt x 397.37395pt.


LaTeX Warning: `h' float specifier changed to `ht'.

<q1/fig2.png, id=151, 269.50688pt x 484.81125pt>
File: q1/fig2.png Graphic file (type png)
 <use q1/fig2.png>
Package pdftex.def Info: q1/fig2.png used on input line 20.
(pdftex.def)             Requested size: 229.08191pt x 412.0915pt.


LaTeX Warning: `h' float specifier changed to `ht'.

) [3] [4 <./q1/fig1.png>] [5 <./q1/fig2.png>]
\openout2 = `q2/q2.aux'.

 (q2/q2.tex (q2/a10.tex)
Underfull \hbox (badness 10000) in paragraph at lines 1--5

 []


Underfull \hbox (badness 10000) in paragraph at lines 1--5

 []


Underfull \hbox (badness 10000) in paragraph at lines 1--5

 []


Underfull \hbox (badness 10000) in paragraph at lines 1--5

 []


Underfull \hbox (badness 10000) in paragraph at lines 1--5

 []


Underfull \hbox (badness 10000) in paragraph at lines 1--5

 []

(q2/docclass.py [6


]) [7])
\openout2 = `q3/q3.aux'.

 (q3/q3.tex (q3/a10.tex)
Underfull \hbox (badness 10000) in paragraph at lines 1--4

 []

(q3/mementofinder.py)
("C:\Users\Naina Sai Tipparti\AppData\Local\Programs\MiKTeX 2.9\tex\latex\listi
ngs\lstlang1.sty"
File: lstlang1.sty 2015/06/04 1.6 listings language file
)
("C:\Users\Naina Sai Tipparti\AppData\Local\Programs\MiKTeX 2.9\tex\latex\listi
ngs\lstlang2.sty"
File: lstlang2.sty 2015/06/04 1.6 listings language file
)
("C:\Users\Naina Sai Tipparti\AppData\Local\Programs\MiKTeX 2.9\tex\latex\listi
ngs\lstlang3.sty"
File: lstlang3.sty 2015/06/04 1.6 listings language file
) (q3/build_histogram.r [8



]) (q3/site_mementos.txt)
<q3/histogram.pdf, id=304, 505.89pt x 505.89pt>
File: q3/histogram.pdf Graphic file (type pdf)
 <use q3/histogram.pdf>
Package pdftex.def Info: q3/histogram.pdf used on input line 20.
(pdftex.def)             Requested size: 430.00851pt x 430.00851pt.


LaTeX Warning: `h' float specifier changed to `ht'.

) [9] [10 <./q3/histogram.pdf>]
\openout2 = `q4/q4.aux'.

 (q4/q4.tex (q4/a10.tex)
Underfull \hbox (badness 10000) in paragraph at lines 1--6

 []


Underfull \hbox (badness 10000) in paragraph at lines 1--6

 []

(q4/get_html.py [11


]) (q4/get_size.py)
Underfull \hbox (badness 10000) in paragraph at lines 21--25

 []

[12]
("C:\Users\Naina Sai Tipparti\AppData\Local\Programs\MiKTeX 2.9\tex\latex\listi
ngs\lstlang1.sty"
File: lstlang1.sty 2015/06/04 1.6 listings language file
)
("C:\Users\Naina Sai Tipparti\AppData\Local\Programs\MiKTeX 2.9\tex\latex\listi
ngs\lstlang1.sty"
File: lstlang1.sty 2015/06/04 1.6 listings language file
) (q4/diff.sh)
<q4/fig3.png, id=439, 569.12625pt x 290.58563pt>
File: q4/fig3.png Graphic file (type png)
 <use q4/fig3.png>
Package pdftex.def Info: q4/fig3.png used on input line 31.
(pdftex.def)             Requested size: 426.84364pt x 217.93867pt.

<q4/fig4.png, id=440, 648.92438pt x 302.63063pt>
File: q4/fig4.png Graphic file (type png)
 <use q4/fig4.png>
Package pdftex.def Info: q4/fig4.png used on input line 38.
(pdftex.def)             Requested size: 421.79585pt x 196.70757pt.


LaTeX Warning: `h' float specifier changed to `ht'.

) [13 <./q4/fig3.png>] [14 <./q4/fig4.png>] 
AED: lastpage setting LastPage
Package atveryend Info: Empty hook `BeforeClearDocument' on input line 108.
Package atveryend Info: Empty hook `AfterLastShipout' on input line 108.
(assignment10.aux (q1/q1.aux) (q2/q2.aux) (q3/q3.aux) (q4/q4.aux))
Package atveryend Info: Executing hook `AtVeryEndDocument' on input line 108.
Package atveryend Info: Executing hook `AtEndAfterFileList' on input line 108.
Package rerunfilecheck Info: File `assignment10.out' has not changed.
(rerunfilecheck)             Checksum: DCC7E0B1D852FC6AD1B0659613B0A133;629.
 ) 
Here is how much of TeX's memory you used:
 9625 strings out of 493634
 140668 string characters out of 3129934
 458262 words of memory out of 3000000
 12515 multiletter control sequences out of 15000+200000
 16000 words of font info for 38 fonts, out of 3000000 for 9000
 1025 hyphenation exceptions out of 8191
 35i,12n,50p,819b,2458s stack positions out of 5000i,500n,10000p,200000b,50000s
 <C:\Users\Naina Sai Tipparti\AppData\Local\MiKTeX\2.9\fonts\pk\ljfour\jknapp
en\ec\dpi600\ecrm0800.pk> <C:\Users\Naina Sai Tipparti\AppData\Local\MiKTeX\2.9
\fonts\pk\ljfour\jknappen\ec\dpi600\ectt1200.pk> <C:\Users\Naina Sai Tipparti\A
ppData\Local\MiKTeX\2.9\fonts\pk\ljfour\jknappen\ec\dpi600\ecrm1200.pk> <C:\Use
rs\Naina Sai Tipparti\AppData\Local\MiKTeX\2.9\fonts\pk\ljfour\jknappen\ec\dpi6
00\ecbx1200.pk> <C:\Users\Naina Sai Tipparti\AppData\Local\MiKTeX\2.9\fonts\pk\
ljfour\jknappen\ec\dpi600\ecbx1728.pk> <C:\Users\Naina Sai Tipparti\AppData\Loc
al\MiKTeX\2.9\fonts\pk\ljfour\jknappen\ec\dpi600\ecrm1440.pk> <C:\Users\Naina S
ai Tipparti\AppData\Local\MiKTeX\2.9\fonts\pk\ljfour\jknappen\ec\dpi600\ecbx144
0.pk> <C:\Users\Naina Sai Tipparti\AppData\Local\MiKTeX\2.9\fonts\pk\ljfour\jkn
appen\ec\dpi600\ecti1440.pk> <C:\Users\Naina Sai Tipparti\AppData\Local\MiKTeX\
2.9\fonts\pk\ljfour\jknappen\ec\dpi600\ecrm1095.pk> <C:\Users\Naina Sai Tippart
i\AppData\Local\MiKTeX\2.9\fonts\pk\ljfour\jknappen\ec\dpi600\ecbx2074.pk><C:/U
sers/Naina Sai Tipparti/AppData/Local/Programs/MiKTeX 2.9/fonts/type1/public/am
sfonts/cm/cmsy8.pfb>
Output written on assignment10.pdf (15 pages, 264162 bytes).
PDF statistics:
 853 PDF objects out of 1000 (max. 8388607)
 306 named destinations out of 1000 (max. 500000)
 122 words of extra memory for PDF output out of 10000 (max. 10000000)

