This is pdfTeX, Version 3.14159265-2.6-1.40.16 (MiKTeX 2.9) (preloaded format=pdflatex 2016.2.5)  11 FEB 2016 22:07
entering extended mode
**./assignment2.tex
(assignment2.tex
LaTeX2e <2015/10/01> patch level 2
Babel <3.9n> and hyphenation patterns for 69 languages loaded.

("C:\Users\Naina Sai Tipparti\AppData\Local\Programs\MiKTeX 2.9\tex\latex\base\
article.cls"
Document Class: article 2014/09/29 v1.4h Standard LaTeX document class

("C:\Users\Naina Sai Tipparti\AppData\Local\Programs\MiKTeX 2.9\tex\latex\base\
size12.clo"
File: size12.clo 2014/09/29 v1.4h Standard LaTeX file (size option)
)
\c@part=\count79
\c@section=\count80
\c@subsection=\count81
\c@subsubsection=\count82
\c@paragraph=\count83
\c@subparagraph=\count84
\c@figure=\count85
\c@table=\count86
\abovecaptionskip=\skip41
\belowcaptionskip=\skip42
\bibindent=\dimen102
)
("C:\Users\Naina Sai Tipparti\AppData\Local\Programs\MiKTeX 2.9\tex\latex\fancy
hdr\fancyhdr.sty"
\fancy@headwidth=\skip43
\f@ncyO@elh=\skip44
\f@ncyO@erh=\skip45
\f@ncyO@olh=\skip46
\f@ncyO@orh=\skip47
\f@ncyO@elf=\skip48
\f@ncyO@erf=\skip49
\f@ncyO@olf=\skip50
\f@ncyO@orf=\skip51
)
("C:\Users\Naina Sai Tipparti\AppData\Local\Programs\MiKTeX 2.9\tex\latex\lastp
age\lastpage.sty"
Package: lastpage 2015/03/29 v1.2m Refers to last page's name (HMM; JPG)
)
("C:\Users\Naina Sai Tipparti\AppData\Local\Programs\MiKTeX 2.9\tex\latex\graph
ics\graphicx.sty"
Package: graphicx 2014/10/28 v1.0g Enhanced LaTeX Graphics (DPC,SPQR)

("C:\Users\Naina Sai Tipparti\AppData\Local\Programs\MiKTeX 2.9\tex\latex\graph
ics\keyval.sty"
Package: keyval 2014/10/28 v1.15 key=value parser (DPC)
\KV@toks@=\toks14
)
("C:\Users\Naina Sai Tipparti\AppData\Local\Programs\MiKTeX 2.9\tex\latex\graph
ics\graphics.sty"
Package: graphics 2014/10/28 v1.0p Standard LaTeX Graphics (DPC,SPQR)

("C:\Users\Naina Sai Tipparti\AppData\Local\Programs\MiKTeX 2.9\tex\latex\graph
ics\trig.sty"
Package: trig 1999/03/16 v1.09 sin cos tan (DPC)
)
("C:\Users\Naina Sai Tipparti\AppData\Local\Programs\MiKTeX 2.9\tex\latex\00mik
tex\graphics.cfg"
File: graphics.cfg 2007/01/18 v1.5 graphics configuration of teTeX/TeXLive
)
Package graphics Info: Driver file: pdftex.def on input line 94.

("C:\Users\Naina Sai Tipparti\AppData\Local\Programs\MiKTeX 2.9\tex\latex\pdfte
x-def\pdftex.def"
File: pdftex.def 2011/05/27 v0.06d Graphics/color for pdfTeX

("C:\Users\Naina Sai Tipparti\AppData\Local\Programs\MiKTeX 2.9\tex\generic\obe
rdiek\infwarerr.sty"
Package: infwarerr 2010/04/08 v1.3 Providing info/warning/error messages (HO)
)
("C:\Users\Naina Sai Tipparti\AppData\Local\Programs\MiKTeX 2.9\tex\generic\obe
rdiek\ltxcmds.sty"
Package: ltxcmds 2011/11/09 v1.22 LaTeX kernel commands for general use (HO)
)
\Gread@gobject=\count87
))
\Gin@req@height=\dimen103
\Gin@req@width=\dimen104
)
("C:\Users\Naina Sai Tipparti\AppData\Local\Programs\MiKTeX 2.9\tex\latex\csquo
tes\csquotes.sty"
Package: csquotes 2016/01/31 v5.1g context-sensitive quotations (JAW)

("C:\Users\Naina Sai Tipparti\AppData\Local\Programs\MiKTeX 2.9\tex\latex\etool
box\etoolbox.sty"
Package: etoolbox 2015/08/02 v2.2a e-TeX tools for LaTeX (JAW)
\etb@tempcnta=\count88
)
\csq@reset=\count89
\csq@gtype=\count90
\csq@glevel=\count91
\csq@qlevel=\count92
\csq@maxlvl=\count93
\csq@tshold=\count94
\csq@ltx@everypar=\toks15

("C:\Users\Naina Sai Tipparti\AppData\Local\Programs\MiKTeX 2.9\tex\latex\csquo
tes\csquotes.def"
File: csquotes.def 2016/01/31 v5.1g csquotes generic definitions (JAW)
)
Package csquotes Info: Trying to load configuration file 'csquotes.cfg'...
Package csquotes Info: ... configuration file loaded successfully.

("C:\Users\Naina Sai Tipparti\AppData\Local\Programs\MiKTeX 2.9\tex\latex\csquo
tes\csquotes.cfg"
File: csquotes.cfg 
))
("C:\Users\Naina Sai Tipparti\AppData\Local\Programs\MiKTeX 2.9\tex\latex\url\u
rl.sty"
\Urlmuskip=\muskip10
Package: url 2013/09/16  ver 3.4  Verb mode for urls, etc.
)
("C:\Users\Naina Sai Tipparti\AppData\Local\Programs\MiKTeX 2.9\tex\latex\impor
t\import.sty"
Package: import 2009/03/23  v 5.1
)
("C:\Users\Naina Sai Tipparti\AppData\Local\Programs\MiKTeX 2.9\tex\latex\amsma
th\amsmath.sty"
Package: amsmath 2013/01/14 v2.14 AMS math features
\@mathmargin=\skip52

For additional information on amsmath, use the `?' option.

("C:\Users\Naina Sai Tipparti\AppData\Local\Programs\MiKTeX 2.9\tex\latex\amsma
th\amstext.sty"
Package: amstext 2000/06/29 v2.01

("C:\Users\Naina Sai Tipparti\AppData\Local\Programs\MiKTeX 2.9\tex\latex\amsma
th\amsgen.sty"
File: amsgen.sty 1999/11/30 v2.0
\@emptytoks=\toks16
\ex@=\dimen105
))
("C:\Users\Naina Sai Tipparti\AppData\Local\Programs\MiKTeX 2.9\tex\latex\amsma
th\amsbsy.sty"
Package: amsbsy 1999/11/29 v1.2d
\pmbraise@=\dimen106
)
("C:\Users\Naina Sai Tipparti\AppData\Local\Programs\MiKTeX 2.9\tex\latex\amsma
th\amsopn.sty"
Package: amsopn 1999/12/14 v2.01 operator names
)
\inf@bad=\count95
LaTeX Info: Redefining \frac on input line 210.
\uproot@=\count96
\leftroot@=\count97
LaTeX Info: Redefining \overline on input line 306.
\classnum@=\count98
\DOTSCASE@=\count99
LaTeX Info: Redefining \ldots on input line 378.
LaTeX Info: Redefining \dots on input line 381.
LaTeX Info: Redefining \cdots on input line 466.
\Mathstrutbox@=\box26
\strutbox@=\box27
\big@size=\dimen107
LaTeX Font Info:    Redeclaring font encoding OML on input line 566.
LaTeX Font Info:    Redeclaring font encoding OMS on input line 567.
\macc@depth=\count100
\c@MaxMatrixCols=\count101
\dotsspace@=\muskip11
\c@parentequation=\count102
\dspbrk@lvl=\count103
\tag@help=\toks17
\row@=\count104
\column@=\count105
\maxfields@=\count106
\andhelp@=\toks18
\eqnshift@=\dimen108
\alignsep@=\dimen109
\tagshift@=\dimen110
\tagwidth@=\dimen111
\totwidth@=\dimen112
\lineht@=\dimen113
\@envbody=\toks19
\multlinegap=\skip53
\multlinetaggap=\skip54
\mathdisplay@stack=\toks20
LaTeX Info: Redefining \[ on input line 2665.
LaTeX Info: Redefining \] on input line 2666.
)
("C:\Users\Naina Sai Tipparti\AppData\Local\Programs\MiKTeX 2.9\tex\latex\listi
ngs\listings.sty"
\lst@mode=\count107
\lst@gtempboxa=\box28
\lst@token=\toks21
\lst@length=\count108
\lst@currlwidth=\dimen114
\lst@column=\count109
\lst@pos=\count110
\lst@lostspace=\dimen115
\lst@width=\dimen116
\lst@newlines=\count111
\lst@lineno=\count112
\lst@maxwidth=\dimen117

("C:\Users\Naina Sai Tipparti\AppData\Local\Programs\MiKTeX 2.9\tex\latex\listi
ngs\lstmisc.sty"
File: lstmisc.sty 2015/06/04 1.6 (Carsten Heinz)
\c@lstnumber=\count113
\lst@skipnumbers=\count114
\lst@framebox=\box29
)
("C:\Users\Naina Sai Tipparti\AppData\Local\Programs\MiKTeX 2.9\tex\latex\listi
ngs\listings.cfg"
File: listings.cfg 2015/06/04 1.6 listings configuration
))
Package: listings 2015/06/04 1.6 (Carsten Heinz)
Package csquotes Info: Checking for multilingual support...
Package csquotes Info: ... none found.
 (assignment2.aux (q1/q1.aux) (q2/q2.aux) (q3/q3.aux))
\openout1 = `assignment2.aux'.

LaTeX Font Info:    Checking defaults for OML/cmm/m/it on input line 68.
LaTeX Font Info:    ... okay on input line 68.
LaTeX Font Info:    Checking defaults for T1/cmr/m/n on input line 68.
LaTeX Font Info:    ... okay on input line 68.
LaTeX Font Info:    Checking defaults for OT1/cmr/m/n on input line 68.
LaTeX Font Info:    ... okay on input line 68.
LaTeX Font Info:    Checking defaults for OMS/cmsy/m/n on input line 68.
LaTeX Font Info:    ... okay on input line 68.
LaTeX Font Info:    Checking defaults for OMX/cmex/m/n on input line 68.
LaTeX Font Info:    ... okay on input line 68.
LaTeX Font Info:    Checking defaults for U/cmr/m/n on input line 68.
LaTeX Font Info:    ... okay on input line 68.
Package lastpage Info: Please have a look at the pageslts package at
(lastpage)             https://www.ctan.org/pkg/pageslts
(lastpage)             ! on input line 68.

("C:\Users\Naina Sai Tipparti\AppData\Local\Programs\MiKTeX 2.9\tex\context\bas
e\supp-pdf.mkii"
[Loading MPS to PDF converter (version 2006.09.02).]
\scratchcounter=\count115
\scratchdimen=\dimen118
\scratchbox=\box30
\nofMPsegments=\count116
\nofMParguments=\count117
\everyMPshowfont=\toks22
\MPscratchCnt=\count118
\MPscratchDim=\dimen119
\MPnumerator=\count119
\makeMPintoPDFobject=\count120
\everyMPtoPDFconversion=\toks23
)
\c@lstlisting=\count121
 [1


{C:/Users/Naina Sai Tipparti/AppData/Local/MiKTeX/2.9/pdftex/config/pdftex.map}
] (assignment2.toc)
\tf@toc=\write3
\openout3 = `assignment2.toc'.

 (assignment2.lol)
\tf@lol=\write4
\openout4 = `assignment2.lol'.

 (assignment2.lof)
\tf@lof=\write5
\openout5 = `assignment2.lof'.

 [1

]
\openout2 = `q1/q1.aux'.

 (q1/q1.tex
Underfull \hbox (badness 10000) in paragraph at lines 5--21

 []


Underfull \hbox (badness 10000) in paragraph at lines 5--21

 []


Underfull \hbox (badness 10000) in paragraph at lines 5--21

 []


Underfull \hbox (badness 10000) in paragraph at lines 5--21

 []


("C:\Users\Naina Sai Tipparti\AppData\Local\Programs\MiKTeX 2.9\tex\latex\listi
ngs\lstlang1.sty"
File: lstlang1.sty 2015/06/04 1.6 listings language file
) (q1/urifinder.py
LaTeX Font Info:    Try loading font information for OMS+cmr on input line 1.

("C:\Users\Naina Sai Tipparti\AppData\Local\Programs\MiKTeX 2.9\tex\latex\base\
omscmr.fd"
File: omscmr.fd 2014/09/29 v2.5h Standard LaTeX font definitions
)
LaTeX Font Info:    Font shape `OMS/cmr/m/it' in size <8> not available
(Font)              Font shape `OMS/cmsy/m/n' tried instead on input line 1.
 [2

] [3] [4]) (q1/output.txt)) [5]
\openout2 = `q2/q2.aux'.

 (q2/q2.tex
Underfull \hbox (badness 10000) in paragraph at lines 5--18

 []


Underfull \hbox (badness 10000) in paragraph at lines 5--18

 []


Underfull \hbox (badness 10000) in paragraph at lines 5--18

 []


Underfull \hbox (badness 10000) in paragraph at lines 5--18

 []


Underfull \hbox (badness 10000) in paragraph at lines 5--18

 []

(q2/mementofinder.py
LaTeX Font Info:    Font shape `OMS/cmr/m/n' in size <8> not available
(Font)              Font shape `OMS/cmsy/m/n' tried instead on input line 12.
)
("C:\Users\Naina Sai Tipparti\AppData\Local\Programs\MiKTeX 2.9\tex\latex\listi
ngs\lstlang1.sty"
File: lstlang1.sty 2015/06/04 1.6 listings language file
)
("C:\Users\Naina Sai Tipparti\AppData\Local\Programs\MiKTeX 2.9\tex\latex\listi
ngs\lstlang2.sty"
File: lstlang2.sty 2015/06/04 1.6 listings language file
)
("C:\Users\Naina Sai Tipparti\AppData\Local\Programs\MiKTeX 2.9\tex\latex\listi
ngs\lstlang3.sty"
File: lstlang3.sty 2015/06/04 1.6 listings language file
) [6


] (q2/build_histogram.r
LaTeX Font Info:    Try loading font information for OML+cmr on input line 3.

("C:\Users\Naina Sai Tipparti\AppData\Local\Programs\MiKTeX 2.9\tex\latex\base\
omlcmr.fd"
File: omlcmr.fd 2014/09/29 v2.5h Standard LaTeX font definitions
)
LaTeX Font Info:    Font shape `OML/cmr/bx/n' in size <8> not available
(Font)              Font shape `OML/cmm/b/it' tried instead on input line 3.
) (q2/site_mementos.txt)
<q2/histogram.pdf, id=34, 505.89pt x 505.89pt>
File: q2/histogram.pdf Graphic file (type pdf)
 <use q2/histogram.pdf>
Package pdftex.def Info: q2/histogram.pdf used on input line 33.
(pdftex.def)             Requested size: 430.00851pt x 430.00851pt.


LaTeX Warning: `h' float specifier changed to `ht'.

) [7] [8 <./q2/histogram.pdf>]
\openout2 = `q3/q3.aux'.

 (q3/q3.tex
Underfull \hbox (badness 10000) in paragraph at lines 5--17

 []


Underfull \hbox (badness 10000) in paragraph at lines 5--17

 []


Underfull \hbox (badness 10000) in paragraph at lines 5--17

 []


Underfull \hbox (badness 10000) in paragraph at lines 5--17

 []

(q3/carbondate.py [9


]) (q3/build_ecd_mementos.py) (q3/ecd_mementos_graph.r)
[10] (q3/site_ecd_all.txt) <q3/ecd_mementos.pdf, id=54, 505.89pt x 505.89pt>
File: q3/ecd_mementos.pdf Graphic file (type pdf)

<use q3/ecd_mementos.pdf>
Package pdftex.def Info: q3/ecd_mementos.pdf used on input line 40.
(pdftex.def)             Requested size: 430.00851pt x 430.00851pt.


LaTeX Warning: `!h' float specifier changed to `!ht'.

) [11] [12 <./q3/ecd_mementos.pdf>]

LaTeX Warning: Empty `thebibliography' environment on input line 92.


AED: lastpage setting LastPage
[13

] (assignment2.aux (q1/q1.aux) (q2/q2.aux) (q3/q3.aux)) ) 
Here is how much of TeX's memory you used:
 5341 strings out of 493634
 72582 string characters out of 3129934
 367455 words of memory out of 3000000
 8624 multiletter control sequences out of 15000+200000
 12471 words of font info for 45 fonts, out of 3000000 for 9000
 1025 hyphenation exceptions out of 8191
 35i,11n,45p,818b,1868s stack positions out of 5000i,500n,10000p,200000b,50000s
<C:/Users/Naina Sai Ti
pparti/AppData/Local/Programs/MiKTeX 2.9/fonts/type1/public/amsfonts/cm/cmbx12.
pfb><C:/Users/Naina Sai Tipparti/AppData/Local/Programs/MiKTeX 2.9/fonts/type1/
public/amsfonts/cm/cmbx8.pfb><C:/Users/Naina Sai Tipparti/AppData/Local/Program
s/MiKTeX 2.9/fonts/type1/public/amsfonts/cmextra/cmmib8.pfb><C:/Users/Naina Sai
 Tipparti/AppData/Local/Programs/MiKTeX 2.9/fonts/type1/public/amsfonts/cm/cmr1
0.pfb><C:/Users/Naina Sai Tipparti/AppData/Local/Programs/MiKTeX 2.9/fonts/type
1/public/amsfonts/cm/cmr12.pfb><C:/Users/Naina Sai Tipparti/AppData/Local/Progr
ams/MiKTeX 2.9/fonts/type1/public/amsfonts/cm/cmr8.pfb><C:/Users/Naina Sai Tipp
arti/AppData/Local/Programs/MiKTeX 2.9/fonts/type1/public/amsfonts/cm/cmsy8.pfb
><C:/Users/Naina Sai Tipparti/AppData/Local/Programs/MiKTeX 2.9/fonts/type1/pub
lic/amsfonts/cm/cmti12.pfb><C:/Users/Naina Sai Tipparti/AppData/Local/Programs/
MiKTeX 2.9/fonts/type1/public/amsfonts/cm/cmti8.pfb><C:/Users/Naina Sai Tippart
i/AppData/Local/Programs/MiKTeX 2.9/fonts/type1/public/amsfonts/cm/cmtt12.pfb><
C:/Users/Naina Sai Tipparti/AppData/Local/Programs/MiKTeX 2.9/fonts/type1/publi
c/amsfonts/cm/cmtt8.pfb>
Output written on assignment2.pdf (14 pages, 202663 bytes).
PDF statistics:
 107 PDF objects out of 1000 (max. 8388607)
 0 named destinations out of 1000 (max. 500000)
 11 words of extra memory for PDF output out of 10000 (max. 10000000)

