\BOOKMARK [1][-]{section*.4}{Problem 1}{}% 1
\BOOKMARK [2][-]{section*.5}{Question}{section*.4}% 2
\BOOKMARK [2][-]{section*.6}{1.1 Answer}{section*.4}% 3
\BOOKMARK [3][-]{section*.7}{1.1.1 3-Users Closest to Me in Terms of Age, Gender, and Occupation}{section*.6}% 4
\BOOKMARK [3][-]{section*.8}{1.1.2 3-Users Closest to Me Top 3 Favorite Films}{section*.6}% 5
\BOOKMARK [3][-]{section*.9}{1.1.3 3-Users Closest to Me Least 3 Favorite Films}{section*.6}% 6
\BOOKMARK [3][-]{section*.10}{1.1.4 Substitute Me}{section*.6}% 7
\BOOKMARK [1][-]{section*.11}{Problem 2}{}% 8
\BOOKMARK [2][-]{section*.12}{Question}{section*.11}% 9
\BOOKMARK [2][-]{section*.13}{2.1 Answer}{section*.11}% 10
\BOOKMARK [3][-]{section*.14}{2.1.1 5-Users Most and Least Correlated to the Substitute Me}{section*.13}% 11
\BOOKMARK [1][-]{section*.15}{Problem 3}{}% 12
\BOOKMARK [2][-]{section*.16}{Question}{section*.15}% 13
\BOOKMARK [2][-]{section*.17}{Answer}{section*.15}% 14
\BOOKMARK [3][-]{section*.18}{3.1.1 Top 5 Recommendations of Unseen films for Substitute Me }{section*.17}% 15
\BOOKMARK [3][-]{section*.19}{3.1.2 Bottom 5 Recommendations of Unseen films for Substitute Me}{section*.17}% 16
\BOOKMARK [1][-]{section*.20}{Problem 4}{}% 17
\BOOKMARK [2][-]{section*.21}{Question}{section*.20}% 18
\BOOKMARK [2][-]{section*.22}{Answer}{section*.20}% 19
\BOOKMARK [1][-]{section*.23}{Problem 5}{}% 20
\BOOKMARK [2][-]{section*.24}{Question}{section*.23}% 21
\BOOKMARK [2][-]{section*.25}{Answer}{section*.23}% 22
\BOOKMARK [1][-]{section*.26}{Problem 6}{}% 23
\BOOKMARK [2][-]{section*.27}{Question}{section*.26}% 24
\BOOKMARK [2][-]{section*.28}{Answer}{section*.26}% 25
