This is pdfTeX, Version 3.14159265-2.6-1.40.16 (TeX Live 2015/Debian) (preloaded format=pdflatex 2016.1.4)  18 FEB 2016 03:24
entering extended mode
 restricted \write18 enabled.
 %&-line parsing enabled.
**assignment3.tex
(./assignment3.tex
LaTeX2e <2015/01/01>
Babel <3.9l> and hyphenation patterns for 79 languages loaded.
(/usr/share/texlive/texmf-dist/tex/latex/base/article.cls
Document Class: article 2014/09/29 v1.4h Standard LaTeX document class
(/usr/share/texlive/texmf-dist/tex/latex/base/size10.clo
File: size10.clo 2014/09/29 v1.4h Standard LaTeX file (size option)
)
\c@part=\count79
\c@section=\count80
\c@subsection=\count81
\c@subsubsection=\count82
\c@paragraph=\count83
\c@subparagraph=\count84
\c@figure=\count85
\c@table=\count86
\abovecaptionskip=\skip41
\belowcaptionskip=\skip42
\bibindent=\dimen102
)
(/usr/share/texlive/texmf-dist/tex/latex/graphics/graphicx.sty
Package: graphicx 2014/10/28 v1.0g Enhanced LaTeX Graphics (DPC,SPQR)

(/usr/share/texlive/texmf-dist/tex/latex/graphics/keyval.sty
Package: keyval 2014/10/28 v1.15 key=value parser (DPC)
\KV@toks@=\toks14
)
(/usr/share/texlive/texmf-dist/tex/latex/graphics/graphics.sty
Package: graphics 2014/10/28 v1.0p Standard LaTeX Graphics (DPC,SPQR)

(/usr/share/texlive/texmf-dist/tex/latex/graphics/trig.sty
Package: trig 1999/03/16 v1.09 sin cos tan (DPC)
)
(/usr/share/texlive/texmf-dist/tex/latex/latexconfig/graphics.cfg
File: graphics.cfg 2010/04/23 v1.9 graphics configuration of TeX Live
)
Package graphics Info: Driver file: pdftex.def on input line 94.

(/usr/share/texlive/texmf-dist/tex/latex/pdftex-def/pdftex.def
File: pdftex.def 2011/05/27 v0.06d Graphics/color for pdfTeX

(/usr/share/texlive/texmf-dist/tex/generic/oberdiek/infwarerr.sty
Package: infwarerr 2010/04/08 v1.3 Providing info/warning/error messages (HO)
)
(/usr/share/texlive/texmf-dist/tex/generic/oberdiek/ltxcmds.sty
Package: ltxcmds 2011/11/09 v1.22 LaTeX kernel commands for general use (HO)
)
\Gread@gobject=\count87
))
\Gin@req@height=\dimen103
\Gin@req@width=\dimen104
)
(/usr/share/texlive/texmf-dist/tex/latex/listings/listings.sty
\lst@mode=\count88
\lst@gtempboxa=\box26
\lst@token=\toks15
\lst@length=\count89
\lst@currlwidth=\dimen105
\lst@column=\count90
\lst@pos=\count91
\lst@lostspace=\dimen106
\lst@width=\dimen107
\lst@newlines=\count92
\lst@lineno=\count93
\lst@maxwidth=\dimen108

(/usr/share/texlive/texmf-dist/tex/latex/listings/lstmisc.sty
File: lstmisc.sty 2015/06/04 1.6 (Carsten Heinz)
\c@lstnumber=\count94
\lst@skipnumbers=\count95
\lst@framebox=\box27
)
(/usr/share/texlive/texmf-dist/tex/latex/listings/listings.cfg
File: listings.cfg 2015/06/04 1.6 listings configuration
))
Package: listings 2015/06/04 1.6 (Carsten Heinz)

(/usr/share/texlive/texmf-dist/tex/latex/base/alltt.sty
Package: alltt 1997/06/16 v2.0g defines alltt environment
)
(/usr/share/texlive/texmf-dist/tex/latex/graphics/color.sty
Package: color 2014/10/28 v1.1a Standard LaTeX Color (DPC)

(/usr/share/texlive/texmf-dist/tex/latex/latexconfig/color.cfg
File: color.cfg 2007/01/18 v1.5 color configuration of teTeX/TeXLive
)
Package color Info: Driver file: pdftex.def on input line 142.
)
(/usr/share/texlive/texmf-dist/tex/latex/amsmath/amsmath.sty
Package: amsmath 2013/01/14 v2.14 AMS math features
\@mathmargin=\skip43

For additional information on amsmath, use the `?' option.
(/usr/share/texlive/texmf-dist/tex/latex/amsmath/amstext.sty
Package: amstext 2000/06/29 v2.01

(/usr/share/texlive/texmf-dist/tex/latex/amsmath/amsgen.sty
File: amsgen.sty 1999/11/30 v2.0
\@emptytoks=\toks16
\ex@=\dimen109
))
(/usr/share/texlive/texmf-dist/tex/latex/amsmath/amsbsy.sty
Package: amsbsy 1999/11/29 v1.2d
\pmbraise@=\dimen110
)
(/usr/share/texlive/texmf-dist/tex/latex/amsmath/amsopn.sty
Package: amsopn 1999/12/14 v2.01 operator names
)
\inf@bad=\count96
LaTeX Info: Redefining \frac on input line 210.
\uproot@=\count97
\leftroot@=\count98
LaTeX Info: Redefining \overline on input line 306.
\classnum@=\count99
\DOTSCASE@=\count100
LaTeX Info: Redefining \ldots on input line 378.
LaTeX Info: Redefining \dots on input line 381.
LaTeX Info: Redefining \cdots on input line 466.
\Mathstrutbox@=\box28
\strutbox@=\box29
\big@size=\dimen111
LaTeX Font Info:    Redeclaring font encoding OML on input line 566.
LaTeX Font Info:    Redeclaring font encoding OMS on input line 567.
\macc@depth=\count101
\c@MaxMatrixCols=\count102
\dotsspace@=\muskip10
\c@parentequation=\count103
\dspbrk@lvl=\count104
\tag@help=\toks17
\row@=\count105
\column@=\count106
\maxfields@=\count107
\andhelp@=\toks18
\eqnshift@=\dimen112
\alignsep@=\dimen113
\tagshift@=\dimen114
\tagwidth@=\dimen115
\totwidth@=\dimen116
\lineht@=\dimen117
\@envbody=\toks19
\multlinegap=\skip44
\multlinetaggap=\skip45
\mathdisplay@stack=\toks20
LaTeX Info: Redefining \[ on input line 2665.
LaTeX Info: Redefining \] on input line 2666.
)
(/usr/share/texlive/texmf-dist/tex/latex/hyperref/hyperref.sty
Package: hyperref 2012/11/06 v6.83m Hypertext links for LaTeX

(/usr/share/texlive/texmf-dist/tex/generic/oberdiek/hobsub-hyperref.sty
Package: hobsub-hyperref 2012/05/28 v1.13 Bundle oberdiek, subset hyperref (HO)


(/usr/share/texlive/texmf-dist/tex/generic/oberdiek/hobsub-generic.sty
Package: hobsub-generic 2012/05/28 v1.13 Bundle oberdiek, subset generic (HO)
Package: hobsub 2012/05/28 v1.13 Construct package bundles (HO)
Package hobsub Info: Skipping package `infwarerr' (already loaded).
Package hobsub Info: Skipping package `ltxcmds' (already loaded).
Package: ifluatex 2010/03/01 v1.3 Provides the ifluatex switch (HO)
Package ifluatex Info: LuaTeX not detected.
Package: ifvtex 2010/03/01 v1.5 Detect VTeX and its facilities (HO)
Package ifvtex Info: VTeX not detected.
Package: intcalc 2007/09/27 v1.1 Expandable calculations with integers (HO)
Package: ifpdf 2011/01/30 v2.3 Provides the ifpdf switch (HO)
Package ifpdf Info: pdfTeX in PDF mode is detected.
Package: etexcmds 2011/02/16 v1.5 Avoid name clashes with e-TeX commands (HO)
Package etexcmds Info: Could not find \expanded.
(etexcmds)             That can mean that you are not using pdfTeX 1.50 or
(etexcmds)             that some package has redefined \expanded.
(etexcmds)             In the latter case, load this package earlier.
Package: kvsetkeys 2012/04/25 v1.16 Key value parser (HO)
Package: kvdefinekeys 2011/04/07 v1.3 Define keys (HO)
Package: pdftexcmds 2011/11/29 v0.20 Utility functions of pdfTeX for LuaTeX (HO
)
Package pdftexcmds Info: LuaTeX not detected.
Package pdftexcmds Info: \pdf@primitive is available.
Package pdftexcmds Info: \pdf@ifprimitive is available.
Package pdftexcmds Info: \pdfdraftmode found.
Package: pdfescape 2011/11/25 v1.13 Implements pdfTeX's escape features (HO)
Package: bigintcalc 2012/04/08 v1.3 Expandable calculations on big integers (HO
)
Package: bitset 2011/01/30 v1.1 Handle bit-vector datatype (HO)
Package: uniquecounter 2011/01/30 v1.2 Provide unlimited unique counter (HO)
)
Package hobsub Info: Skipping package `hobsub' (already loaded).
Package: letltxmacro 2010/09/02 v1.4 Let assignment for LaTeX macros (HO)
Package: hopatch 2012/05/28 v1.2 Wrapper for package hooks (HO)
Package: xcolor-patch 2011/01/30 xcolor patch
Package: atveryend 2011/06/30 v1.8 Hooks at the very end of document (HO)
Package atveryend Info: \enddocument detected (standard20110627).
Package: atbegshi 2011/10/05 v1.16 At begin shipout hook (HO)
Package: refcount 2011/10/16 v3.4 Data extraction from label references (HO)
Package: hycolor 2011/01/30 v1.7 Color options for hyperref/bookmark (HO)
)
(/usr/share/texlive/texmf-dist/tex/generic/ifxetex/ifxetex.sty
Package: ifxetex 2010/09/12 v0.6 Provides ifxetex conditional
)
(/usr/share/texlive/texmf-dist/tex/latex/oberdiek/auxhook.sty
Package: auxhook 2011/03/04 v1.3 Hooks for auxiliary files (HO)
)
(/usr/share/texlive/texmf-dist/tex/latex/oberdiek/kvoptions.sty
Package: kvoptions 2011/06/30 v3.11 Key value format for package options (HO)
)
\@linkdim=\dimen118
\Hy@linkcounter=\count108
\Hy@pagecounter=\count109

(/usr/share/texlive/texmf-dist/tex/latex/hyperref/pd1enc.def
File: pd1enc.def 2012/11/06 v6.83m Hyperref: PDFDocEncoding definition (HO)
)
\Hy@SavedSpaceFactor=\count110

(/usr/share/texlive/texmf-dist/tex/latex/latexconfig/hyperref.cfg
File: hyperref.cfg 2002/06/06 v1.2 hyperref configuration of TeXLive
)
Package hyperref Info: Hyper figures OFF on input line 4443.
Package hyperref Info: Link nesting OFF on input line 4448.
Package hyperref Info: Hyper index ON on input line 4451.
Package hyperref Info: Plain pages OFF on input line 4458.
Package hyperref Info: Backreferencing OFF on input line 4463.
Package hyperref Info: Implicit mode ON; LaTeX internals redefined.
Package hyperref Info: Bookmarks ON on input line 4688.
\c@Hy@tempcnt=\count111

(/usr/share/texlive/texmf-dist/tex/latex/url/url.sty
\Urlmuskip=\muskip11
Package: url 2013/09/16  ver 3.4  Verb mode for urls, etc.
)
LaTeX Info: Redefining \url on input line 5041.
\XeTeXLinkMargin=\dimen119
\Fld@menulength=\count112
\Field@Width=\dimen120
\Fld@charsize=\dimen121
Package hyperref Info: Hyper figures OFF on input line 6295.
Package hyperref Info: Link nesting OFF on input line 6300.
Package hyperref Info: Hyper index ON on input line 6303.
Package hyperref Info: backreferencing OFF on input line 6310.
Package hyperref Info: Link coloring OFF on input line 6315.
Package hyperref Info: Link coloring with OCG OFF on input line 6320.
Package hyperref Info: PDF/A mode OFF on input line 6325.
LaTeX Info: Redefining \ref on input line 6365.
LaTeX Info: Redefining \pageref on input line 6369.
\Hy@abspage=\count113
\c@Item=\count114
\c@Hfootnote=\count115
)

Package hyperref Message: Driver (autodetected): hpdftex.

(/usr/share/texlive/texmf-dist/tex/latex/hyperref/hpdftex.def
File: hpdftex.def 2012/11/06 v6.83m Hyperref driver for pdfTeX
\Fld@listcount=\count116
\c@bookmark@seq@number=\count117

(/usr/share/texlive/texmf-dist/tex/latex/oberdiek/rerunfilecheck.sty
Package: rerunfilecheck 2011/04/15 v1.7 Rerun checks for auxiliary files (HO)
Package uniquecounter Info: New unique counter `rerunfilecheck' on input line 2
82.
)
\Hy@SectionHShift=\skip46
)
(/usr/share/texlive/texmf-dist/tex/latex/pgfplots/pgfplotstable.sty
(/usr/share/texlive/texmf-dist/tex/generic/pgfplots/pgfplots.revision.tex)
Package: pgfplotstable 2015/05/02 v1.12.1 Table typesetting and Pretty-printing
 (1.12.1)

(/usr/share/texlive/texmf-dist/tex/latex/pgfplots/pgfplots.sty
(/usr/share/texlive/texmf-dist/tex/generic/pgfplots/pgfplots.revision.tex)
Package: pgfplots 2015/05/02 v1.12.1 Data Visualization (1.12.1)

(/usr/share/texlive/texmf-dist/tex/latex/pgf/frontendlayer/tikz.sty
(/usr/share/texlive/texmf-dist/tex/latex/pgf/basiclayer/pgf.sty
(/usr/share/texlive/texmf-dist/tex/latex/pgf/utilities/pgfrcs.sty
(/usr/share/texlive/texmf-dist/tex/generic/pgf/utilities/pgfutil-common.tex
\pgfutil@everybye=\toks21
\pgfutil@tempdima=\dimen122
\pgfutil@tempdimb=\dimen123

(/usr/share/texlive/texmf-dist/tex/generic/pgf/utilities/pgfutil-common-lists.t
ex)) (/usr/share/texlive/texmf-dist/tex/generic/pgf/utilities/pgfutil-latex.def
\pgfutil@abb=\box30
(/usr/share/texlive/texmf-dist/tex/latex/ms/everyshi.sty
Package: everyshi 2001/05/15 v3.00 EveryShipout Package (MS)
))
(/usr/share/texlive/texmf-dist/tex/generic/pgf/utilities/pgfrcs.code.tex
Package: pgfrcs 2013/12/20 v3.0.0 (rcs-revision 1.28)
))
Package: pgf 2013/12/18 v3.0.0 (rcs-revision 1.14)

(/usr/share/texlive/texmf-dist/tex/latex/pgf/basiclayer/pgfcore.sty
(/usr/share/texlive/texmf-dist/tex/latex/pgf/systemlayer/pgfsys.sty
(/usr/share/texlive/texmf-dist/tex/generic/pgf/systemlayer/pgfsys.code.tex
Package: pgfsys 2013/11/30 v3.0.0 (rcs-revision 1.47)

(/usr/share/texlive/texmf-dist/tex/generic/pgf/utilities/pgfkeys.code.tex
\pgfkeys@pathtoks=\toks22
\pgfkeys@temptoks=\toks23

(/usr/share/texlive/texmf-dist/tex/generic/pgf/utilities/pgfkeysfiltered.code.t
ex
\pgfkeys@tmptoks=\toks24
))
\pgf@x=\dimen124
\pgf@y=\dimen125
\pgf@xa=\dimen126
\pgf@ya=\dimen127
\pgf@xb=\dimen128
\pgf@yb=\dimen129
\pgf@xc=\dimen130
\pgf@yc=\dimen131
\w@pgf@writea=\write3
\r@pgf@reada=\read1
\c@pgf@counta=\count118
\c@pgf@countb=\count119
\c@pgf@countc=\count120
\c@pgf@countd=\count121
\t@pgf@toka=\toks25
\t@pgf@tokb=\toks26
\t@pgf@tokc=\toks27
 (/usr/share/texlive/texmf-dist/tex/generic/pgf/systemlayer/pgf.cfg
File: pgf.cfg 2008/05/14  (rcs-revision 1.7)
)
Driver file for pgf: pgfsys-pdftex.def

(/usr/share/texlive/texmf-dist/tex/generic/pgf/systemlayer/pgfsys-pdftex.def
File: pgfsys-pdftex.def 2013/07/18  (rcs-revision 1.33)

(/usr/share/texlive/texmf-dist/tex/generic/pgf/systemlayer/pgfsys-common-pdf.de
f
File: pgfsys-common-pdf.def 2013/10/10  (rcs-revision 1.13)
)))
(/usr/share/texlive/texmf-dist/tex/generic/pgf/systemlayer/pgfsyssoftpath.code.
tex
File: pgfsyssoftpath.code.tex 2013/09/09  (rcs-revision 1.9)
\pgfsyssoftpath@smallbuffer@items=\count122
\pgfsyssoftpath@bigbuffer@items=\count123
)
(/usr/share/texlive/texmf-dist/tex/generic/pgf/systemlayer/pgfsysprotocol.code.
tex
File: pgfsysprotocol.code.tex 2006/10/16  (rcs-revision 1.4)
)) (/usr/share/texlive/texmf-dist/tex/latex/xcolor/xcolor.sty
Package: xcolor 2007/01/21 v2.11 LaTeX color extensions (UK)

(/usr/share/texlive/texmf-dist/tex/latex/latexconfig/color.cfg
File: color.cfg 2007/01/18 v1.5 color configuration of teTeX/TeXLive
)
Package xcolor Info: Driver file: pdftex.def on input line 225.
LaTeX Info: Redefining \color on input line 702.
Package xcolor Info: Model `cmy' substituted by `cmy0' on input line 1337.
Package xcolor Info: Model `hsb' substituted by `rgb' on input line 1341.
Package xcolor Info: Model `RGB' extended on input line 1353.
Package xcolor Info: Model `HTML' substituted by `rgb' on input line 1355.
Package xcolor Info: Model `Hsb' substituted by `hsb' on input line 1356.
Package xcolor Info: Model `tHsb' substituted by `hsb' on input line 1357.
Package xcolor Info: Model `HSB' substituted by `hsb' on input line 1358.
Package xcolor Info: Model `Gray' substituted by `gray' on input line 1359.
Package xcolor Info: Model `wave' substituted by `hsb' on input line 1360.
)
(/usr/share/texlive/texmf-dist/tex/generic/pgf/basiclayer/pgfcore.code.tex
Package: pgfcore 2010/04/11 v3.0.0 (rcs-revision 1.7)

(/usr/share/texlive/texmf-dist/tex/generic/pgf/math/pgfmath.code.tex
(/usr/share/texlive/texmf-dist/tex/generic/pgf/math/pgfmathcalc.code.tex
(/usr/share/texlive/texmf-dist/tex/generic/pgf/math/pgfmathutil.code.tex)
(/usr/share/texlive/texmf-dist/tex/generic/pgf/math/pgfmathparser.code.tex
\pgfmath@dimen=\dimen132
\pgfmath@count=\count124
\pgfmath@box=\box31
\pgfmath@toks=\toks28
\pgfmath@stack@operand=\toks29
\pgfmath@stack@operation=\toks30
)
(/usr/share/texlive/texmf-dist/tex/generic/pgf/math/pgfmathfunctions.code.tex
(/usr/share/texlive/texmf-dist/tex/generic/pgf/math/pgfmathfunctions.basic.code
.tex)
(/usr/share/texlive/texmf-dist/tex/generic/pgf/math/pgfmathfunctions.trigonomet
ric.code.tex)
(/usr/share/texlive/texmf-dist/tex/generic/pgf/math/pgfmathfunctions.random.cod
e.tex)
(/usr/share/texlive/texmf-dist/tex/generic/pgf/math/pgfmathfunctions.comparison
.code.tex)
(/usr/share/texlive/texmf-dist/tex/generic/pgf/math/pgfmathfunctions.base.code.
tex)
(/usr/share/texlive/texmf-dist/tex/generic/pgf/math/pgfmathfunctions.round.code
.tex)
(/usr/share/texlive/texmf-dist/tex/generic/pgf/math/pgfmathfunctions.misc.code.
tex)
(/usr/share/texlive/texmf-dist/tex/generic/pgf/math/pgfmathfunctions.integerari
thmetics.code.tex)))
(/usr/share/texlive/texmf-dist/tex/generic/pgf/math/pgfmathfloat.code.tex
\c@pgfmathroundto@lastzeros=\count125
))
(/usr/share/texlive/texmf-dist/tex/generic/pgf/basiclayer/pgfcorepoints.code.te
x
File: pgfcorepoints.code.tex 2013/10/07  (rcs-revision 1.27)
\pgf@picminx=\dimen133
\pgf@picmaxx=\dimen134
\pgf@picminy=\dimen135
\pgf@picmaxy=\dimen136
\pgf@pathminx=\dimen137
\pgf@pathmaxx=\dimen138
\pgf@pathminy=\dimen139
\pgf@pathmaxy=\dimen140
\pgf@xx=\dimen141
\pgf@xy=\dimen142
\pgf@yx=\dimen143
\pgf@yy=\dimen144
\pgf@zx=\dimen145
\pgf@zy=\dimen146
)
(/usr/share/texlive/texmf-dist/tex/generic/pgf/basiclayer/pgfcorepathconstruct.
code.tex
File: pgfcorepathconstruct.code.tex 2013/10/07  (rcs-revision 1.29)
\pgf@path@lastx=\dimen147
\pgf@path@lasty=\dimen148
)
(/usr/share/texlive/texmf-dist/tex/generic/pgf/basiclayer/pgfcorepathusage.code
.tex
File: pgfcorepathusage.code.tex 2013/12/13  (rcs-revision 1.23)
\pgf@shorten@end@additional=\dimen149
\pgf@shorten@start@additional=\dimen150
)
(/usr/share/texlive/texmf-dist/tex/generic/pgf/basiclayer/pgfcorescopes.code.te
x
File: pgfcorescopes.code.tex 2013/10/09  (rcs-revision 1.44)
\pgfpic=\box32
\pgf@hbox=\box33
\pgf@layerbox@main=\box34
\pgf@picture@serial@count=\count126
)
(/usr/share/texlive/texmf-dist/tex/generic/pgf/basiclayer/pgfcoregraphicstate.c
ode.tex
File: pgfcoregraphicstate.code.tex 2013/09/19  (rcs-revision 1.11)
\pgflinewidth=\dimen151
)
(/usr/share/texlive/texmf-dist/tex/generic/pgf/basiclayer/pgfcoretransformation
s.code.tex
File: pgfcoretransformations.code.tex 2013/10/10  (rcs-revision 1.17)
\pgf@pt@x=\dimen152
\pgf@pt@y=\dimen153
\pgf@pt@temp=\dimen154
)
(/usr/share/texlive/texmf-dist/tex/generic/pgf/basiclayer/pgfcorequick.code.tex
File: pgfcorequick.code.tex 2008/10/09  (rcs-revision 1.3)
)
(/usr/share/texlive/texmf-dist/tex/generic/pgf/basiclayer/pgfcoreobjects.code.t
ex
File: pgfcoreobjects.code.tex 2006/10/11  (rcs-revision 1.2)
)
(/usr/share/texlive/texmf-dist/tex/generic/pgf/basiclayer/pgfcorepathprocessing
.code.tex
File: pgfcorepathprocessing.code.tex 2013/09/09  (rcs-revision 1.9)
)
(/usr/share/texlive/texmf-dist/tex/generic/pgf/basiclayer/pgfcorearrows.code.te
x
File: pgfcorearrows.code.tex 2013/11/07  (rcs-revision 1.40)
\pgfarrowsep=\dimen155
)
(/usr/share/texlive/texmf-dist/tex/generic/pgf/basiclayer/pgfcoreshade.code.tex
File: pgfcoreshade.code.tex 2013/07/15  (rcs-revision 1.15)
\pgf@max=\dimen156
\pgf@sys@shading@range@num=\count127
)
(/usr/share/texlive/texmf-dist/tex/generic/pgf/basiclayer/pgfcoreimage.code.tex
File: pgfcoreimage.code.tex 2013/07/15  (rcs-revision 1.18)

(/usr/share/texlive/texmf-dist/tex/generic/pgf/basiclayer/pgfcoreexternal.code.
tex
File: pgfcoreexternal.code.tex 2013/07/15  (rcs-revision 1.20)
\pgfexternal@startupbox=\box35
))
(/usr/share/texlive/texmf-dist/tex/generic/pgf/basiclayer/pgfcorelayers.code.te
x
File: pgfcorelayers.code.tex 2013/07/18  (rcs-revision 1.7)
)
(/usr/share/texlive/texmf-dist/tex/generic/pgf/basiclayer/pgfcoretransparency.c
ode.tex
File: pgfcoretransparency.code.tex 2013/09/30  (rcs-revision 1.5)
)
(/usr/share/texlive/texmf-dist/tex/generic/pgf/basiclayer/pgfcorepatterns.code.
tex
File: pgfcorepatterns.code.tex 2013/11/07  (rcs-revision 1.5)
)))
(/usr/share/texlive/texmf-dist/tex/generic/pgf/modules/pgfmoduleshapes.code.tex
File: pgfmoduleshapes.code.tex 2013/10/31  (rcs-revision 1.34)
\pgfnodeparttextbox=\box36
) (/usr/share/texlive/texmf-dist/tex/generic/pgf/modules/pgfmoduleplot.code.tex
File: pgfmoduleplot.code.tex 2013/07/31  (rcs-revision 1.12)
)
(/usr/share/texlive/texmf-dist/tex/latex/pgf/compatibility/pgfcomp-version-0-65
.sty
Package: pgfcomp-version-0-65 2007/07/03 v3.0.0 (rcs-revision 1.7)
\pgf@nodesepstart=\dimen157
\pgf@nodesepend=\dimen158
)
(/usr/share/texlive/texmf-dist/tex/latex/pgf/compatibility/pgfcomp-version-1-18
.sty
Package: pgfcomp-version-1-18 2007/07/23 v3.0.0 (rcs-revision 1.1)
)) (/usr/share/texlive/texmf-dist/tex/latex/pgf/utilities/pgffor.sty
(/usr/share/texlive/texmf-dist/tex/latex/pgf/utilities/pgfkeys.sty
(/usr/share/texlive/texmf-dist/tex/generic/pgf/utilities/pgfkeys.code.tex))
(/usr/share/texlive/texmf-dist/tex/latex/pgf/math/pgfmath.sty
(/usr/share/texlive/texmf-dist/tex/generic/pgf/math/pgfmath.code.tex))
(/usr/share/texlive/texmf-dist/tex/generic/pgf/utilities/pgffor.code.tex
Package: pgffor 2013/12/13 v3.0.0 (rcs-revision 1.25)

(/usr/share/texlive/texmf-dist/tex/generic/pgf/math/pgfmath.code.tex)
\pgffor@iter=\dimen159
\pgffor@skip=\dimen160
\pgffor@stack=\toks31
\pgffor@toks=\toks32
))
(/usr/share/texlive/texmf-dist/tex/generic/pgf/frontendlayer/tikz/tikz.code.tex
Package: tikz 2013/12/13 v3.0.0 (rcs-revision 1.142)

(/usr/share/texlive/texmf-dist/tex/generic/pgf/libraries/pgflibraryplothandlers
.code.tex
File: pgflibraryplothandlers.code.tex 2013/08/31 v3.0.0 (rcs-revision 1.20)
\pgf@plot@mark@count=\count128
\pgfplotmarksize=\dimen161
)
\tikz@lastx=\dimen162
\tikz@lasty=\dimen163
\tikz@lastxsaved=\dimen164
\tikz@lastysaved=\dimen165
\tikzleveldistance=\dimen166
\tikzsiblingdistance=\dimen167
\tikz@figbox=\box37
\tikz@figbox@bg=\box38
\tikz@tempbox=\box39
\tikz@tempbox@bg=\box40
\tikztreelevel=\count129
\tikznumberofchildren=\count130
\tikznumberofcurrentchild=\count131
\tikz@fig@count=\count132

(/usr/share/texlive/texmf-dist/tex/generic/pgf/modules/pgfmodulematrix.code.tex
File: pgfmodulematrix.code.tex 2013/09/17  (rcs-revision 1.8)
\pgfmatrixcurrentrow=\count133
\pgfmatrixcurrentcolumn=\count134
\pgf@matrix@numberofcolumns=\count135
)
\tikz@expandcount=\count136

(/usr/share/texlive/texmf-dist/tex/generic/pgf/frontendlayer/tikz/libraries/tik
zlibrarytopaths.code.tex
File: tikzlibrarytopaths.code.tex 2008/06/17 v3.0.0 (rcs-revision 1.2)
)))
(/usr/share/texlive/texmf-dist/tex/generic/pgfplots/pgfplots.code.tex
(/usr/share/texlive/texmf-dist/tex/generic/pgfplots/pgfplotscore.code.tex
\t@pgfplots@toka=\toks33
\t@pgfplots@tokb=\toks34
\t@pgfplots@tokc=\toks35
\pgfplots@tmpa=\dimen168
\c@pgfplots@coordindex=\count137
\c@pgfplots@scanlineindex=\count138

(/usr/share/texlive/texmf-dist/tex/generic/pgfplots/sys/pgfplotssysgeneric.code
.tex))
(/usr/share/texlive/texmf-dist/tex/generic/pgfplots/libs/pgfplotslibrary.code.t
ex)
(/usr/share/texlive/texmf-dist/tex/generic/pgfplots/oldpgfcompatib/pgfplotsoldp
gfsupp_loader.code.tex
(/usr/share/texlive/texmf-dist/tex/generic/pgf/libraries/pgflibraryfpu.code.tex
)
Package pgfplots: loading complementary arithmetics for your pgf version...

(/usr/share/texlive/texmf-dist/tex/generic/pgfplots/oldpgfcompatib/pgfplotsoldp
gfsupp_pgflibraryfpu.code.tex)
(/usr/share/texlive/texmf-dist/tex/generic/pgfplots/oldpgfcompatib/pgfplotsoldp
gfsupp_pgfmathfloat.code.tex
\c@pgfmathroundto@lastzeros=\count139
)
(/usr/share/texlive/texmf-dist/tex/generic/pgfplots/oldpgfcompatib/pgfplotsoldp
gfsupp_trig_format.code.tex))
(/usr/share/texlive/texmf-dist/tex/generic/pgfplots/util/pgfplotsutil.code.tex
(/usr/share/texlive/texmf-dist/tex/generic/pgfplots/liststructure/pgfplotslists
tructure.code.tex)
(/usr/share/texlive/texmf-dist/tex/generic/pgfplots/liststructure/pgfplotslists
tructureext.code.tex)
(/usr/share/texlive/texmf-dist/tex/generic/pgfplots/liststructure/pgfplotsarray
.code.tex
\c@pgfplotsarray@tmp=\count140
)
(/usr/share/texlive/texmf-dist/tex/generic/pgfplots/liststructure/pgfplotsmatri
x.code.tex)
(/usr/share/texlive/texmf-dist/tex/generic/pgfplots/numtable/pgfplotstableshare
d.code.tex
\c@pgfplotstable@counta=\count141
\t@pgfplotstable@a=\toks36
)
(/usr/share/texlive/texmf-dist/tex/generic/pgfplots/liststructure/pgfplotsdeque
.code.tex)
(/usr/share/texlive/texmf-dist/tex/generic/pgfplots/util/pgfplotsbinary.code.te
x
(/usr/share/texlive/texmf-dist/tex/generic/pgfplots/util/pgfplotsbinary.data.co
de.tex))
(/usr/share/texlive/texmf-dist/tex/generic/pgfplots/util/pgfplotsutil.verb.code
.tex)
(/usr/share/texlive/texmf-dist/tex/generic/pgfplots/libs/pgflibrarypgfplots.sur
fshading.code.tex
\c@pgfplotslibrarysurf@no=\count142

(/usr/share/texlive/texmf-dist/tex/generic/pgfplots/sys/pgflibrarypgfplots.surf
shading.pgfsys-pdftex.def)))
(/usr/share/texlive/texmf-dist/tex/generic/pgfplots/util/pgfplotscolormap.code.
tex
(/usr/share/texlive/texmf-dist/tex/generic/pgfplots/util/pgfplotscolor.code.tex
))
(/usr/share/texlive/texmf-dist/tex/generic/pgfplots/pgfplotsstackedplots.code.t
ex)
(/usr/share/texlive/texmf-dist/tex/generic/pgfplots/pgfplotsplothandlers.code.t
ex
(/usr/share/texlive/texmf-dist/tex/generic/pgfplots/pgfplotsmeshplothandler.cod
e.tex))
(/usr/share/texlive/texmf-dist/tex/generic/pgfplots/pgfplots.scaling.code.tex)
(/usr/share/texlive/texmf-dist/tex/generic/pgfplots/pgfplotscoordprocessing.cod
e.tex)
(/usr/share/texlive/texmf-dist/tex/generic/pgfplots/pgfplots.errorbars.code.tex
) (/usr/share/texlive/texmf-dist/tex/generic/pgfplots/pgfplots.markers.code.tex
) (/usr/share/texlive/texmf-dist/tex/generic/pgfplots/pgfplotsticks.code.tex)
(/usr/share/texlive/texmf-dist/tex/generic/pgfplots/pgfplots.paths.code.tex)
(/usr/share/texlive/texmf-dist/tex/generic/pgf/frontendlayer/tikz/libraries/tik
zlibrarydecorations.code.tex
(/usr/share/texlive/texmf-dist/tex/generic/pgf/modules/pgfmoduledecorations.cod
e.tex
\pgfdecoratedcompleteddistance=\dimen169
\pgfdecoratedremainingdistance=\dimen170
\pgfdecoratedinputsegmentcompleteddistance=\dimen171
\pgfdecoratedinputsegmentremainingdistance=\dimen172
\pgf@decorate@distancetomove=\dimen173
\pgf@decorate@repeatstate=\count143
\pgfdecorationsegmentamplitude=\dimen174
\pgfdecorationsegmentlength=\dimen175
)
\tikz@lib@dec@box=\box41
)
(/usr/share/texlive/texmf-dist/tex/generic/pgf/frontendlayer/tikz/libraries/tik
zlibrarydecorations.pathmorphing.code.tex
(/usr/share/texlive/texmf-dist/tex/generic/pgf/libraries/decorations/pgflibrary
decorations.pathmorphing.code.tex))
(/usr/share/texlive/texmf-dist/tex/generic/pgf/frontendlayer/tikz/libraries/tik
zlibrarydecorations.pathreplacing.code.tex
(/usr/share/texlive/texmf-dist/tex/generic/pgf/libraries/decorations/pgflibrary
decorations.pathreplacing.code.tex))
\pgfplots@numplots=\count144
\pgfplots@xmin@reg=\dimen176
\pgfplots@xmax@reg=\dimen177
\pgfplots@ymin@reg=\dimen178
\pgfplots@ymax@reg=\dimen179
\pgfplots@zmin@reg=\dimen180
\pgfplots@zmax@reg=\dimen181
)
(/usr/share/texlive/texmf-dist/tex/generic/pgf/frontendlayer/tikz/libraries/tik
zlibraryplotmarks.code.tex
File: tikzlibraryplotmarks.code.tex 2008/01/09 v3.0.0 (rcs-revision 1.1)

(/usr/share/texlive/texmf-dist/tex/generic/pgf/libraries/pgflibraryplotmarks.co
de.tex
File: pgflibraryplotmarks.code.tex 2013/07/20 v3.0.0 (rcs-revision 1.13)
)))
(/usr/share/texlive/texmf-dist/tex/generic/pgfplots/numtable/pgfplotstable.code
.tex
(/usr/share/texlive/texmf-dist/tex/generic/pgfplots/numtable/pgfplotstable.colt
ype.code.tex)) (/usr/share/texlive/texmf-dist/tex/latex/tools/array.sty
Package: array 2014/10/28 v2.4c Tabular extension package (FMi)
\col@sep=\dimen182
\extrarowheight=\dimen183
\NC@list=\toks37
\extratabsurround=\skip47
\backup@length=\skip48
))
Package hyperref Info: Option `colorlinks' set `true' on input line 20.

(./assignment3.aux)
\openout1 = `assignment3.aux'.

LaTeX Font Info:    Checking defaults for OML/cmm/m/it on input line 52.
LaTeX Font Info:    ... okay on input line 52.
LaTeX Font Info:    Checking defaults for T1/cmr/m/n on input line 52.
LaTeX Font Info:    ... okay on input line 52.
LaTeX Font Info:    Checking defaults for OT1/cmr/m/n on input line 52.
LaTeX Font Info:    ... okay on input line 52.
LaTeX Font Info:    Checking defaults for OMS/cmsy/m/n on input line 52.
LaTeX Font Info:    ... okay on input line 52.
LaTeX Font Info:    Checking defaults for OMX/cmex/m/n on input line 52.
LaTeX Font Info:    ... okay on input line 52.
LaTeX Font Info:    Checking defaults for U/cmr/m/n on input line 52.
LaTeX Font Info:    ... okay on input line 52.
LaTeX Font Info:    Checking defaults for PD1/pdf/m/n on input line 52.
LaTeX Font Info:    ... okay on input line 52.

(/usr/share/texlive/texmf-dist/tex/context/base/supp-pdf.mkii
[Loading MPS to PDF converter (version 2006.09.02).]
\scratchcounter=\count145
\scratchdimen=\dimen184
\scratchbox=\box42
\nofMPsegments=\count146
\nofMParguments=\count147
\everyMPshowfont=\toks38
\MPscratchCnt=\count148
\MPscratchDim=\dimen185
\MPnumerator=\count149
\makeMPintoPDFobject=\count150
\everyMPtoPDFconversion=\toks39
) (/usr/share/texlive/texmf-dist/tex/latex/oberdiek/epstopdf-base.sty
Package: epstopdf-base 2010/02/09 v2.5 Base part for package epstopdf

(/usr/share/texlive/texmf-dist/tex/latex/oberdiek/grfext.sty
Package: grfext 2010/08/19 v1.1 Manage graphics extensions (HO)
)
Package grfext Info: Graphics extension search list:
(grfext)             [.png,.pdf,.jpg,.mps,.jpeg,.jbig2,.jb2,.PNG,.PDF,.JPG,.JPE
G,.JBIG2,.JB2,.eps]
(grfext)             \AppendGraphicsExtensions on input line 452.

(/usr/share/texlive/texmf-dist/tex/latex/latexconfig/epstopdf-sys.cfg
File: epstopdf-sys.cfg 2010/07/13 v1.3 Configuration of (r)epstopdf for TeX Liv
e
))
\c@lstlisting=\count151
\AtBeginShipoutBox=\box43
Package hyperref Info: Link coloring ON on input line 52.

(/usr/share/texlive/texmf-dist/tex/latex/hyperref/nameref.sty
Package: nameref 2012/10/27 v2.43 Cross-referencing by name of section

(/usr/share/texlive/texmf-dist/tex/generic/oberdiek/gettitlestring.sty
Package: gettitlestring 2010/12/03 v1.4 Cleanup title references (HO)
)
\c@section@level=\count152
)
LaTeX Info: Redefining \ref on input line 52.
LaTeX Info: Redefining \pageref on input line 52.
LaTeX Info: Redefining \nameref on input line 52.

(./assignment3.out) (./assignment3.out)
\@outlinefile=\write4
\openout4 = `assignment3.out'.

 ABD: EveryShipout initializing macros

Package pgfplots Warning: running in backwards compatibility mode (unsuitable t
ick labels; missing features). Consider writing \pgfplotsset{compat=1.12} into 
your preamble.
 on input line 52.

[1

{/var/lib/texmf/fonts/map/pdftex/updmap/pdftex.map}]
Overfull \hbox (6.74693pt too wide) in paragraph at lines 104--104
[] \OT1/cmtt/m/n/10 1.  Download the 1000 URIs from assignment #2.  "curl", "wg
et", or[] 
 []


Overfull \hbox (1.49698pt too wide) in paragraph at lines 104--104
[]\OT1/cmtt/m/n/10 that the shell will not like some of the characters that can
 occur[] 
 []

pdfTeX warning (ext4): destination with the same identifier (name{page.1}) has 
been already used, duplicate ignored
<to be read again> 
                   \relax 
l.119 \item G
             et the working directory and make file structure [1]
Overfull \hbox (0.4725pt too wide) in paragraph at lines 133--134
[]\OT1/cmr/m/n/10 The []\OT1/cmtt/m/n/10 Perl \OT1/cmr/m/n/10 script used to co
r-rectly re-move the html con-tent from the hash.html
 []

[2] (/usr/share/texlive/texmf-dist/tex/latex/listings/lstlang1.sty
File: lstlang1.sty 2015/06/04 1.6 listings language file
)
(./hashUrisDownload.sh
LaTeX Font Info:    Try loading font information for OML+cmr on input line 7.
 (/usr/share/texlive/texmf-dist/tex/latex/base/omlcmr.fd
File: omlcmr.fd 2014/09/29 v2.5h Standard LaTeX font definitions
)
LaTeX Font Info:    Font shape `OML/cmr/m/n' in size <8> not available
(Font)              Font shape `OML/cmm/m/it' tried instead on input line 7.
LaTeX Font Info:    Try loading font information for OMS+cmr on input line 44.
(/usr/share/texlive/texmf-dist/tex/latex/base/omscmr.fd
File: omscmr.fd 2014/09/29 v2.5h Standard LaTeX font definitions
)
LaTeX Font Info:    Font shape `OMS/cmr/m/n' in size <8> not available
(Font)              Font shape `OMS/cmsy/m/n' tried instead on input line 44.
 [3])
(/usr/share/texlive/texmf-dist/tex/latex/listings/lstlang1.sty
File: lstlang1.sty 2015/06/04 1.6 listings language file
)
(./removeHtml.pl) [4]
Overfull \hbox (1.49698pt too wide) in paragraph at lines 193--193
[]\OT1/cmtt/m/n/10 (see week 5 slides) and not HTML markup from step 1 (e.g., "
http")[] 
 []


Overfull \hbox (17.24684pt too wide) in paragraph at lines 193--193
[]\OT1/cmtt/m/n/10 that matches at least 10 documents (hint: use "grep" on the 
processed[] 
 []


Overfull \hbox (1.49698pt too wide) in paragraph at lines 193--193
[]\OT1/cmtt/m/n/10 TF, IDF, and TFIDF values, as well as the corresponding URIs
.  The[] 
 []

[5] [6] [7] (./findten.sh)
Underfull \hbox (badness 10000) in paragraph at lines 283--284
[]|[][]$\OT1/cmtt/m/n/10 http : / / www . salon . com / 2015 / 02 / 01 / footba
ll _
 []


Underfull \hbox (badness 10000) in paragraph at lines 285--286
[]|[][]$\OT1/cmtt/m/n/10 http : / / theinsideleak . com /
 []


Overfull \hbox (124.37494pt too wide) in paragraph at lines 285--286
\OT1/cmtt/m/n/10 hillary-[]clinton-[]at-[]bernie-[]sanders-[]you-[]got-[]someth
ing-[]to-[]say-[]say-[]it/$[][]| 
 []


Underfull \hbox (badness 10000) in paragraph at lines 287--288
[]|[][]$\OT1/cmtt/m/n/10 http : / / www . theguardian . com /
 []


Underfull \hbox (badness 10000) in paragraph at lines 287--288
\OT1/cmtt/m/n/10 commentisfree / 2015 / oct / 14 /
 []


Underfull \hbox (badness 10000) in paragraph at lines 289--290
[]|[][]$\OT1/cmtt/m/n/10 http : / / www . salon . com / 2016 / 01 / 12 / emails
 _
 []


Underfull \hbox (badness 10000) in paragraph at lines 289--290
\OT1/cmtt/m/n/10 expose _ close _ ties _ between _ hillary _ clinton _
 []


Underfull \hbox (badness 10000) in paragraph at lines 291--292
[]|[][]$\OT1/cmtt/m/n/10 http : / / www . weaselzippers . us /
 []


Overfull \hbox (112.37503pt too wide) in paragraph at lines 291--292
\OT1/cmtt/m/n/10 255295-[]debbie-[]wasserman-[]schultzs-[]completely-[]un-[]sel
f-[]aware-[]tweet/$[][]| 
 []


Underfull \hbox (badness 10000) in paragraph at lines 295--296
[]|[][]$\OT1/cmtt/m/n/10 http : / / www . nybooks . com / daily / 2016 / 01 / 3
0 /
 []


Overfull \hbox (0.62599pt too wide) in paragraph at lines 295--296
\OT1/cmtt/m/n/10 clinton-[]system-[]donor-[]machine-[]2016-[]election/$[][]| 
 []


Underfull \hbox (badness 10000) in paragraph at lines 297--298
[]|[][]$\OT1/cmtt/m/n/10 http : / / www . motherjones . com / politics / 2016 /

 []


Underfull \hbox (badness 10000) in paragraph at lines 299--300
[]|[][]$\OT1/cmtt/m/n/10 https : / / newrepublic . com / article / 129047 /
 []


Underfull \hbox (badness 10000) in paragraph at lines 301--302
[]|[][]$\OT1/cmtt/m/n/10 http : / / therealnews . com / t2 / index . php ? opti
on =
 []


Underfull \hbox (badness 10000) in paragraph at lines 301--302
\OT1/cmtt/m/n/10 com % content & task = view & id = 31 & Itemid = 74 &
 []


Overfull \hbox (28.83037pt too wide) in paragraph at lines 279--304
[][] 
 []

[8] [9]
Overfull \hbox (11.97038pt too wide) in paragraph at lines 348--352
[]\OT1/cmr/m/n/10 This was sur-pris-ing to me es-pe-cially since I had link [][
]$\OT1/cmtt/m/n/10 http : / / www . theguardian .
 []


Overfull \hbox (35.9967pt too wide) in paragraph at lines 348--352
\OT1/cmtt/m/n/10 com / commentisfree / 2015 / oct / 14 / womens-[]issues-[]clin
ton-[]agenda-[]not-[]at-[]debate$[][]
 []


Underfull \hbox (badness 10000) in paragraph at lines 348--352

 []

[10]
Underfull \hbox (badness 10000) in paragraph at lines 353--357

 []


Underfull \hbox (badness 10000) in paragraph at lines 361--361
[]|\OT1/cmr/bx/n/10 SEO
 []


Underfull \hbox (badness 10000) in paragraph at lines 361--361
[]|\OT1/cmr/bx/n/10 PR
 []


Underfull \hbox (badness 10000) in paragraph at lines 363--364
[]|[][]$\OT1/cmtt/m/n/10 http : / / www . salon . com / 2015 / 02 / 01 / footba
ll _
 []


Underfull \hbox (badness 10000) in paragraph at lines 365--366
[]|[][]$\OT1/cmtt/m/n/10 http : / / theinsideleak . com /
 []


Overfull \hbox (124.37494pt too wide) in paragraph at lines 365--366
\OT1/cmtt/m/n/10 hillary-[]clinton-[]at-[]bernie-[]sanders-[]you-[]got-[]someth
ing-[]to-[]say-[]say-[]it/$[][]| 
 []


Underfull \hbox (badness 10000) in paragraph at lines 367--368
[]|[][]$\OT1/cmtt/m/n/10 http : / / www . theguardian . com /
 []


Underfull \hbox (badness 10000) in paragraph at lines 367--368
\OT1/cmtt/m/n/10 commentisfree / 2015 / oct / 14 /
 []


Underfull \hbox (badness 10000) in paragraph at lines 369--370
[]|[][]$\OT1/cmtt/m/n/10 http : / / www . salon . com / 2016 / 01 / 12 / emails
 _
 []


Underfull \hbox (badness 10000) in paragraph at lines 369--370
\OT1/cmtt/m/n/10 expose _ close _ ties _ between _ hillary _ clinton _
 []


Underfull \hbox (badness 10000) in paragraph at lines 371--372
[]|[][]$\OT1/cmtt/m/n/10 www . weaselzippers . us /
 []


Overfull \hbox (112.37503pt too wide) in paragraph at lines 371--372
\OT1/cmtt/m/n/10 255295-[]debbie-[]wasserman-[]schultzs-[]completely-[]un-[]sel
f-[]aware-[]tweet/$[][]| 
 []


Underfull \hbox (badness 10000) in paragraph at lines 375--376
[]|[][]$\OT1/cmtt/m/n/10 http : / / www . nybooks . com / daily / 2016 / 01 / 3
0 /
 []


Overfull \hbox (0.62599pt too wide) in paragraph at lines 375--376
\OT1/cmtt/m/n/10 clinton-[]system-[]donor-[]machine-[]2016-[]election/$[][]| 
 []


Underfull \hbox (badness 10000) in paragraph at lines 377--378
[]|[][]$\OT1/cmtt/m/n/10 http : / / www . motherjones . com / politics / 2016 /

 []


Underfull \hbox (badness 10000) in paragraph at lines 379--380
[]|[][]$\OT1/cmtt/m/n/10 https : / / newrepublic . com / article / 129047 /
 []


Underfull \hbox (badness 10000) in paragraph at lines 381--382
[]|[][]$\OT1/cmtt/m/n/10 http : / / therealnews . com / t2 / index . php ? opti
on =
 []


Underfull \hbox (badness 10000) in paragraph at lines 381--382
\OT1/cmtt/m/n/10 com % 25content & task = view & id = 31 & Itemid = 74 &
 []


Overfull \hbox (5.58026pt too wide) in paragraph at lines 359--384
[][] 
 []


Underfull \hbox (badness 10000) in paragraph at lines 396--397
[]|[][]$\OT1/cmtt/m/n/10 http : / / www . salon . com / 2015 / 02 / 01 / footba
ll _
 []


Underfull \hbox (badness 10000) in paragraph at lines 398--399
[]|[][]$\OT1/cmtt/m/n/10 http : / / www . salon . com / 2016 / 01 / 12 / emails
 _
 []


Underfull \hbox (badness 10000) in paragraph at lines 398--399
\OT1/cmtt/m/n/10 expose _ close _ ties _ between _ hillary _ clinton _
 []


Underfull \hbox (badness 10000) in paragraph at lines 400--401
[]|[][]$\OT1/cmtt/m/n/10 http : / / www . theguardian . com /
 []


Underfull \hbox (badness 10000) in paragraph at lines 400--401
\OT1/cmtt/m/n/10 commentisfree / 2015 / oct / 14 /
 []


Underfull \hbox (badness 10000) in paragraph at lines 402--403
[]|[][]$\OT1/cmtt/m/n/10 http : / / www . nybooks . com / daily / 2016 / 01 / 3
0 /
 []


Overfull \hbox (0.62599pt too wide) in paragraph at lines 402--403
\OT1/cmtt/m/n/10 clinton-[]system-[]donor-[]machine-[]2016-[]election/$[][]| 
 []


Underfull \hbox (badness 10000) in paragraph at lines 404--405
[]|[][]$\OT1/cmtt/m/n/10 http : / / www . motherjones . com / politics / 2016 /

 []


Underfull \hbox (badness 10000) in paragraph at lines 406--407
[]|[][]$\OT1/cmtt/m/n/10 https : / / newrepublic . com / article / 129047 /
 []


Underfull \hbox (badness 10000) in paragraph at lines 408--409
[]|[][]$\OT1/cmtt/m/n/10 http : / / therealnews . com / t2 / index . php ? opti
on =
 []


Underfull \hbox (badness 10000) in paragraph at lines 408--409
\OT1/cmtt/m/n/10 com % 25content & task = view & id = 31 & Itemid = 74 &
 []


Underfull \hbox (badness 10000) in paragraph at lines 410--411
[]|[][]$\OT1/cmtt/m/n/10 www . weaselzippers . us /
 []


Overfull \hbox (112.37503pt too wide) in paragraph at lines 410--411
\OT1/cmtt/m/n/10 255295-[]debbie-[]wasserman-[]schultzs-[]completely-[]un-[]sel
f-[]aware-[]tweet/$[][]| 
 []


Underfull \hbox (badness 10000) in paragraph at lines 412--413
[]|[][]$\OT1/cmtt/m/n/10 http : / / theinsideleak . com /
 []


Overfull \hbox (124.37494pt too wide) in paragraph at lines 412--413
\OT1/cmtt/m/n/10 hillary-[]clinton-[]at-[]bernie-[]sanders-[]you-[]got-[]someth
ing-[]to-[]say-[]say-[]it/$[][]| 
 []


Underfull \hbox (badness 10000) in paragraph at lines 426--427
[]|[][]$\OT1/cmtt/m/n/10 http : / / www . salon . com / 2015 / 02 / 01 / footba
ll _
 []


Underfull \hbox (badness 10000) in paragraph at lines 428--429
[]|[][]$\OT1/cmtt/m/n/10 http : / / www . salon . com / 2016 / 01 / 12 / emails
 _
 []


Underfull \hbox (badness 10000) in paragraph at lines 428--429
\OT1/cmtt/m/n/10 expose _ close _ ties _ between _ hillary _ clinton _
 []


Underfull \hbox (badness 10000) in paragraph at lines 430--431
[]|[][]$\OT1/cmtt/m/n/10 http : / / www . theguardian . com /
 []


Underfull \hbox (badness 10000) in paragraph at lines 430--431
\OT1/cmtt/m/n/10 commentisfree / 2015 / oct / 14 /
 []


Underfull \hbox (badness 10000) in paragraph at lines 432--433
[]|[][]$\OT1/cmtt/m/n/10 http : / / www . nybooks . com / daily / 2016 / 01 / 3
0 /
 []


Overfull \hbox (0.62599pt too wide) in paragraph at lines 432--433
\OT1/cmtt/m/n/10 clinton-[]system-[]donor-[]machine-[]2016-[]election/$[][]| 
 []


Underfull \hbox (badness 10000) in paragraph at lines 434--435
[]|[][]$\OT1/cmtt/m/n/10 http : / / www . motherjones . com / politics / 2016 /

 []


Underfull \hbox (badness 10000) in paragraph at lines 436--437
[]|[][]$\OT1/cmtt/m/n/10 https : / / newrepublic . com / article / 129047 /
 []


Underfull \hbox (badness 10000) in paragraph at lines 438--439
[]|[][]$\OT1/cmtt/m/n/10 http : / / therealnews . com / t2 / index . php ? opti
on =
 []


Underfull \hbox (badness 10000) in paragraph at lines 438--439
\OT1/cmtt/m/n/10 com % 25content & task = view & id = 31 & Itemid = 74 &
 []


Underfull \hbox (badness 10000) in paragraph at lines 440--441
[]|[][]$\OT1/cmtt/m/n/10 www . weaselzippers . us /
 []


Overfull \hbox (112.37503pt too wide) in paragraph at lines 440--441
\OT1/cmtt/m/n/10 255295-[]debbie-[]wasserman-[]schultzs-[]completely-[]un-[]sel
f-[]aware-[]tweet/$[][]| 
 []


Underfull \hbox (badness 10000) in paragraph at lines 442--443
[]|[][]$\OT1/cmtt/m/n/10 http : / / theinsideleak . com /
 []


Overfull \hbox (124.37494pt too wide) in paragraph at lines 442--443
\OT1/cmtt/m/n/10 hillary-[]clinton-[]at-[]bernie-[]sanders-[]you-[]got-[]someth
ing-[]to-[]say-[]say-[]it/$[][]| 
 []


Overfull \hbox (34.03302pt too wide) in paragraph at lines 422--447
[][] 
 []

[11] [12] [13] [14]
Overfull \hbox (6.74693pt too wide) in paragraph at lines 468--468
[]\OT1/cmtt/m/n/10 4.  Compute the Kendall Tau_b score for both lists (use "b" 
because[] 
 []


Overfull \hbox (1.49698pt too wide) in paragraph at lines 468--468
[]\OT1/cmtt/m/n/10 there will likely be tie values in the rankings).  Report bo
th the[] 
 []


Overfull \hbox (27.74675pt too wide) in paragraph at lines 468--468
[]\OT1/cmtt/m/n/10 http://stackoverflow.com/questions/2557863/measures-of-assoc
iation-in-r[] 
 []


Overfull \hbox (48.74657pt too wide) in paragraph at lines 468--468
[]\OT1/cmtt/m/n/10 http://en.wikipedia.org/wiki/Kendall_tau_rank_correlation_co
efficient#Tau-b[] 
 []


Underfull \hbox (badness 10000) in paragraph at lines 470--471

 []


LaTeX Warning: Citation `ktau' on page 15 undefined on input line 490.


LaTeX Warning: Citation `ktau' on page 15 undefined on input line 492.

[15]

LaTeX Warning: Citation `ktau' on page 16 undefined on input line 497.


Underfull \hbox (badness 10000) in paragraph at lines 496--502

 []


Underfull \hbox (badness 10000) in paragraph at lines 496--502

 []


Overfull \hbox (43.49661pt too wide) in paragraph at lines 516--516
[]\OT1/cmtt/m/n/10 0.8,0.00153,http://www.salon.com/2015/02/01/football_an_amer
ican_tragedy/}[] 
 []


Overfull \hbox (358.49387pt too wide) in paragraph at lines 516--516
[]\OT1/cmtt/m/n/10 0.8,0.00314,http://www.salon.com/2016/01/12/emails_expose_cl
ose_ties_between_hillary_clinton_and_accused_war_criminal_henry_kissinger/[] 
 []


Overfull \hbox (216.7451pt too wide) in paragraph at lines 516--516
[]\OT1/cmtt/m/n/10 0.7,0.00126,http://www.theguardian.com/commentisfree/2015/oc
t/14/womens-issues-clinton-agenda-not-at-debate[] 
 []


Overfull \hbox (153.74565pt too wide) in paragraph at lines 516--516
[]\OT1/cmtt/m/n/10 0.7,0.00081,http://www.nybooks.com/daily/2016/01/30/clinton-
system-donor-machine-2016-election/[] 
 []


Overfull \hbox (111.74602pt too wide) in paragraph at lines 516--516
[]\OT1/cmtt/m/n/10 0.7,0.00285,http://www.motherjones.com/politics/2016/02/reco
rd-number-exonerations-2015[] 
 []


Overfull \hbox (74.99634pt too wide) in paragraph at lines 516--516
[]\OT1/cmtt/m/n/10 0.7,0.00191,https://newrepublic.com/article/129047/bernies-a
rmy-running-congress[] 
 []


Overfull \hbox (237.74492pt too wide) in paragraph at lines 516--516
[]\OT1/cmtt/m/n/10 0.6,0.00074,http://therealnews.com/t2/index.php?option=com%2
5content&task=view&id=31&Itemid=74&jumival=15580%25[] 
 []


Overfull \hbox (164.24556pt too wide) in paragraph at lines 516--516
[]\OT1/cmtt/m/n/10 0.5,0.01282,www.weaselzippers.us/255295-debbie-wasserman-sch
ultzs-completely-un-self-aware-tweet/[] 
 []


Overfull \hbox (195.74529pt too wide) in paragraph at lines 516--516
[]\OT1/cmtt/m/n/10 0.0,0.00402,http://theinsideleak.com/hillary-clinton-at-bern
ie-sanders-you-got-something-to-say-say-it/[] 
 []

(/usr/share/texlive/texmf-dist/tex/latex/listings/lstlang1.sty
File: lstlang1.sty 2015/06/04 1.6 listings language file
)
(/usr/share/texlive/texmf-dist/tex/latex/listings/lstlang2.sty
File: lstlang2.sty 2015/06/04 1.6 listings language file
)
(/usr/share/texlive/texmf-dist/tex/latex/listings/lstlang3.sty
File: lstlang3.sty 2015/06/04 1.6 listings language file
) (./kendalTauB.R [16]) [17] [18] <KendallTauSearch.png, id=474, 834.11626pt x 
941.5175pt>
File: KendallTauSearch.png Graphic file (type png)

<use KendallTauSearch.png>
Package pdftex.def Info: KendallTauSearch.png used on input line 579.
(pdftex.def)             Requested size: 417.05711pt x 470.7576pt.

Overfull \hbox (72.05711pt too wide) in paragraph at lines 579--580
[][] 
 []

[19 <./KendallTauSearch.png>] (./assignment3.bbl
Underfull \hbox (badness 10000) in paragraph at lines 15--20
[]\OT1/cmr/m/sc/10 Fossum\OT1/cmr/m/n/10 .  Sig-nif-i-cant fig-ure rules for lo
g-a-rithms.
 []


Underfull \hbox (badness 10000) in paragraph at lines 15--20
[][]$\OT1/cmtt/m/n/10 http : / / www . laney . edu / wp / cheli-[]fossum / file
s / 2011 / 01 /
 []


Underfull \hbox (badness 3679) in paragraph at lines 22--26
[]\OT1/cmr/m/sc/10 r tu-tor\OT1/cmr/m/n/10 .  Kendall rank co-ef-fi-cient.  [][
]$\OT1/cmtt/m/n/10 http : / / www . r-[]tutor . com /
 []

) [20

]
Package atveryend Info: Empty hook `BeforeClearDocument' on input line 590.
Package atveryend Info: Empty hook `AfterLastShipout' on input line 590.
 (./assignment3.aux)
Package atveryend Info: Executing hook `AtVeryEndDocument' on input line 590.
Package atveryend Info: Executing hook `AtEndAfterFileList' on input line 590.
Package rerunfilecheck Info: File `assignment3.out' has not changed.
(rerunfilecheck)             Checksum: D41D8CD98F00B204E9800998ECF8427E;0.


LaTeX Warning: There were undefined references.

Package atveryend Info: Empty hook `AtVeryVeryEnd' on input line 590.
 ) 
Here is how much of TeX's memory you used:
 27491 strings out of 493085
 640767 string characters out of 6136918
 1015843 words of memory out of 5000000
 30250 multiletter control sequences out of 15000+600000
 8999 words of font info for 33 fonts, out of 8000000 for 9000
 1141 hyphenation exceptions out of 8191
 69i,13n,79p,708b,2414s stack positions out of 5000i,500n,10000p,200000b,80000s
</usr/share/texlive/texmf-dist/fonts/type1/public/amsfonts/cm/cmbx10.pfb></us
r/share/texlive/texmf-dist/fonts/type1/public/amsfonts/cm/cmbx12.pfb></usr/shar
e/texlive/texmf-dist/fonts/type1/public/amsfonts/cm/cmcsc10.pfb></usr/share/tex
live/texmf-dist/fonts/type1/public/amsfonts/cm/cmex10.pfb></usr/share/texlive/t
exmf-dist/fonts/type1/public/amsfonts/cm/cmmi10.pfb></usr/share/texlive/texmf-d
ist/fonts/type1/public/amsfonts/cm/cmmi7.pfb></usr/share/texlive/texmf-dist/fon
ts/type1/public/amsfonts/cm/cmmi8.pfb></usr/share/texlive/texmf-dist/fonts/type
1/public/amsfonts/cm/cmr10.pfb></usr/share/texlive/texmf-dist/fonts/type1/publi
c/amsfonts/cm/cmr12.pfb></usr/share/texlive/texmf-dist/fonts/type1/public/amsfo
nts/cm/cmr17.pfb></usr/share/texlive/texmf-dist/fonts/type1/public/amsfonts/cm/
cmr5.pfb></usr/share/texlive/texmf-dist/fonts/type1/public/amsfonts/cm/cmr7.pfb
></usr/share/texlive/texmf-dist/fonts/type1/public/amsfonts/cm/cmr8.pfb></usr/s
hare/texlive/texmf-dist/fonts/type1/public/amsfonts/cm/cmsy10.pfb></usr/share/t
exlive/texmf-dist/fonts/type1/public/amsfonts/cm/cmsy8.pfb></usr/share/texlive/
texmf-dist/fonts/type1/public/amsfonts/cm/cmti10.pfb></usr/share/texlive/texmf-
dist/fonts/type1/public/amsfonts/cm/cmtt10.pfb>
Output written on assignment3.pdf (21 pages, 374245 bytes).
PDF statistics:
 605 PDF objects out of 1000 (max. 8388607)
 558 compressed objects within 6 object streams
 276 named destinations out of 1000 (max. 500000)
 18 words of extra memory for PDF output out of 10000 (max. 10000000)

