This is pdfTeX, Version 3.14159265-2.6-1.40.16 (MiKTeX 2.9) (preloaded format=pdflatex 2016.2.5)  17 MAR 2016 23:57
entering extended mode
**./assignment6.tex
(assignment6.tex
LaTeX2e <2015/10/01> patch level 2
Babel <3.9n> and hyphenation patterns for 69 languages loaded.

("C:\Users\Naina Sai Tipparti\AppData\Local\Programs\MiKTeX 2.9\tex\latex\base\
article.cls"
Document Class: article 2014/09/29 v1.4h Standard LaTeX document class

("C:\Users\Naina Sai Tipparti\AppData\Local\Programs\MiKTeX 2.9\tex\latex\base\
size12.clo"
File: size12.clo 2014/09/29 v1.4h Standard LaTeX file (size option)
)
\c@part=\count79
\c@section=\count80
\c@subsection=\count81
\c@subsubsection=\count82
\c@paragraph=\count83
\c@subparagraph=\count84
\c@figure=\count85
\c@table=\count86
\abovecaptionskip=\skip41
\belowcaptionskip=\skip42
\bibindent=\dimen102
)
("C:\Users\Naina Sai Tipparti\AppData\Local\Programs\MiKTeX 2.9\tex\latex\geome
try\geometry.sty"
Package: geometry 2010/09/12 v5.6 Page Geometry

("C:\Users\Naina Sai Tipparti\AppData\Local\Programs\MiKTeX 2.9\tex\latex\graph
ics\keyval.sty"
Package: keyval 2014/10/28 v1.15 key=value parser (DPC)
\KV@toks@=\toks14
)
("C:\Users\Naina Sai Tipparti\AppData\Local\Programs\MiKTeX 2.9\tex\generic\obe
rdiek\ifpdf.sty"
Package: ifpdf 2011/01/30 v2.3 Provides the ifpdf switch (HO)
Package ifpdf Info: pdfTeX in PDF mode is detected.
)
("C:\Users\Naina Sai Tipparti\AppData\Local\Programs\MiKTeX 2.9\tex\generic\obe
rdiek\ifvtex.sty"
Package: ifvtex 2010/03/01 v1.5 Detect VTeX and its facilities (HO)
Package ifvtex Info: VTeX not detected.
)
("C:\Users\Naina Sai Tipparti\AppData\Local\Programs\MiKTeX 2.9\tex\generic\ifx
etex\ifxetex.sty"
Package: ifxetex 2010/09/12 v0.6 Provides ifxetex conditional
)
\Gm@cnth=\count87
\Gm@cntv=\count88
\c@Gm@tempcnt=\count89
\Gm@bindingoffset=\dimen103
\Gm@wd@mp=\dimen104
\Gm@odd@mp=\dimen105
\Gm@even@mp=\dimen106
\Gm@layoutwidth=\dimen107
\Gm@layoutheight=\dimen108
\Gm@layouthoffset=\dimen109
\Gm@layoutvoffset=\dimen110
\Gm@dimlist=\toks15

("C:\Users\Naina Sai Tipparti\AppData\Local\Programs\MiKTeX 2.9\tex\latex\geome
try\geometry.cfg"))
("C:\Users\Naina Sai Tipparti\AppData\Local\Programs\MiKTeX 2.9\tex\latex\fancy
hdr\fancyhdr.sty"
\fancy@headwidth=\skip43
\f@ncyO@elh=\skip44
\f@ncyO@erh=\skip45
\f@ncyO@olh=\skip46
\f@ncyO@orh=\skip47
\f@ncyO@elf=\skip48
\f@ncyO@erf=\skip49
\f@ncyO@olf=\skip50
\f@ncyO@orf=\skip51
)
("C:\Users\Naina Sai Tipparti\AppData\Local\Programs\MiKTeX 2.9\tex\latex\lastp
age\lastpage.sty"
Package: lastpage 2015/03/29 v1.2m Refers to last page's name (HMM; JPG)
)
("C:\Users\Naina Sai Tipparti\AppData\Local\Programs\MiKTeX 2.9\tex\latex\graph
ics\graphicx.sty"
Package: graphicx 2014/10/28 v1.0g Enhanced LaTeX Graphics (DPC,SPQR)

("C:\Users\Naina Sai Tipparti\AppData\Local\Programs\MiKTeX 2.9\tex\latex\graph
ics\graphics.sty"
Package: graphics 2014/10/28 v1.0p Standard LaTeX Graphics (DPC,SPQR)

("C:\Users\Naina Sai Tipparti\AppData\Local\Programs\MiKTeX 2.9\tex\latex\graph
ics\trig.sty"
Package: trig 1999/03/16 v1.09 sin cos tan (DPC)
)
("C:\Users\Naina Sai Tipparti\AppData\Local\Programs\MiKTeX 2.9\tex\latex\00mik
tex\graphics.cfg"
File: graphics.cfg 2007/01/18 v1.5 graphics configuration of teTeX/TeXLive
)
Package graphics Info: Driver file: pdftex.def on input line 94.

("C:\Users\Naina Sai Tipparti\AppData\Local\Programs\MiKTeX 2.9\tex\latex\pdfte
x-def\pdftex.def"
File: pdftex.def 2011/05/27 v0.06d Graphics/color for pdfTeX

("C:\Users\Naina Sai Tipparti\AppData\Local\Programs\MiKTeX 2.9\tex\generic\obe
rdiek\infwarerr.sty"
Package: infwarerr 2010/04/08 v1.3 Providing info/warning/error messages (HO)
)
("C:\Users\Naina Sai Tipparti\AppData\Local\Programs\MiKTeX 2.9\tex\generic\obe
rdiek\ltxcmds.sty"
Package: ltxcmds 2011/11/09 v1.22 LaTeX kernel commands for general use (HO)
)
\Gread@gobject=\count90
))
\Gin@req@height=\dimen111
\Gin@req@width=\dimen112
)
("C:\Users\Naina Sai Tipparti\AppData\Local\Programs\MiKTeX 2.9\tex\latex\ms\ra
gged2e.sty"
Package: ragged2e 2009/05/21 v2.1 ragged2e Package (MS)

("C:\Users\Naina Sai Tipparti\AppData\Local\Programs\MiKTeX 2.9\tex\latex\ms\ev
erysel.sty"
Package: everysel 2011/10/28 v1.2 EverySelectfont Package (MS)
)
\CenteringLeftskip=\skip52
\RaggedLeftLeftskip=\skip53
\RaggedRightLeftskip=\skip54
\CenteringRightskip=\skip55
\RaggedLeftRightskip=\skip56
\RaggedRightRightskip=\skip57
\CenteringParfillskip=\skip58
\RaggedLeftParfillskip=\skip59
\RaggedRightParfillskip=\skip60
\JustifyingParfillskip=\skip61
\CenteringParindent=\skip62
\RaggedLeftParindent=\skip63
\RaggedRightParindent=\skip64
\JustifyingParindent=\skip65
)
("C:\Users\Naina Sai Tipparti\AppData\Local\Programs\MiKTeX 2.9\tex\latex\csquo
tes\csquotes.sty"
Package: csquotes 2016/01/31 v5.1g context-sensitive quotations (JAW)

("C:\Users\Naina Sai Tipparti\AppData\Local\Programs\MiKTeX 2.9\tex\latex\etool
box\etoolbox.sty"
Package: etoolbox 2015/08/02 v2.2a e-TeX tools for LaTeX (JAW)
\etb@tempcnta=\count91
)
\csq@reset=\count92
\csq@gtype=\count93
\csq@glevel=\count94
\csq@qlevel=\count95
\csq@maxlvl=\count96
\csq@tshold=\count97
\csq@ltx@everypar=\toks16

("C:\Users\Naina Sai Tipparti\AppData\Local\Programs\MiKTeX 2.9\tex\latex\csquo
tes\csquotes.def"
File: csquotes.def 2016/01/31 v5.1g csquotes generic definitions (JAW)
)
Package csquotes Info: Trying to load configuration file 'csquotes.cfg'...
Package csquotes Info: ... configuration file loaded successfully.

("C:\Users\Naina Sai Tipparti\AppData\Local\Programs\MiKTeX 2.9\tex\latex\csquo
tes\csquotes.cfg"
File: csquotes.cfg 
))
("C:\Users\Naina Sai Tipparti\AppData\Local\Programs\MiKTeX 2.9\tex\latex\url\u
rl.sty"
\Urlmuskip=\muskip10
Package: url 2013/09/16  ver 3.4  Verb mode for urls, etc.
)
("C:\Users\Naina Sai Tipparti\AppData\Local\Programs\MiKTeX 2.9\tex\latex\impor
t\import.sty"
Package: import 2009/03/23  v 5.1
)
("C:\Users\Naina Sai Tipparti\AppData\Local\Programs\MiKTeX 2.9\tex\latex\graph
ics\color.sty"
Package: color 2014/10/28 v1.1a Standard LaTeX Color (DPC)

("C:\Users\Naina Sai Tipparti\AppData\Local\Programs\MiKTeX 2.9\tex\latex\00mik
tex\color.cfg"
File: color.cfg 2007/01/18 v1.5 color configuration of teTeX/TeXLive
)
Package color Info: Driver file: pdftex.def on input line 142.
)
("C:\Users\Naina Sai Tipparti\AppData\Local\Programs\MiKTeX 2.9\tex\latex\base\
fontenc.sty"
Package: fontenc 2005/09/27 v1.99g Standard LaTeX package

("C:\Users\Naina Sai Tipparti\AppData\Local\Programs\MiKTeX 2.9\tex\latex\base\
t1enc.def"
File: t1enc.def 2005/09/27 v1.99g Standard LaTeX file
LaTeX Font Info:    Redeclaring font encoding T1 on input line 48.
))
("C:\Users\Naina Sai Tipparti\AppData\Local\Programs\MiKTeX 2.9\tex\latex\tools
\verbatim.sty"
Package: verbatim 2014/10/28 v1.5q LaTeX2e package for verbatim enhancements
\every@verbatim=\toks17
\verbatim@line=\toks18
\verbatim@in@stream=\read1
)
("C:\Users\Naina Sai Tipparti\AppData\Local\Programs\MiKTeX 2.9\tex\latex\listi
ngs\listings.sty"
\lst@mode=\count98
\lst@gtempboxa=\box26
\lst@token=\toks19
\lst@length=\count99
\lst@currlwidth=\dimen113
\lst@column=\count100
\lst@pos=\count101
\lst@lostspace=\dimen114
\lst@width=\dimen115
\lst@newlines=\count102
\lst@lineno=\count103
\lst@maxwidth=\dimen116

("C:\Users\Naina Sai Tipparti\AppData\Local\Programs\MiKTeX 2.9\tex\latex\listi
ngs\lstmisc.sty"
File: lstmisc.sty 2015/06/04 1.6 (Carsten Heinz)
\c@lstnumber=\count104
\lst@skipnumbers=\count105
\lst@framebox=\box27
)
("C:\Users\Naina Sai Tipparti\AppData\Local\Programs\MiKTeX 2.9\tex\latex\listi
ngs\listings.cfg"
File: listings.cfg 2015/06/04 1.6 listings configuration
))
Package: listings 2015/06/04 1.6 (Carsten Heinz)
Package csquotes Info: Checking for multilingual support...
Package csquotes Info: ... none found.
 (assignment6.aux (q1/q1.aux) (q2/q2.aux) (q3/q3.aux))
\openout1 = `assignment6.aux'.

LaTeX Font Info:    Checking defaults for OML/cmm/m/it on input line 101.
LaTeX Font Info:    ... okay on input line 101.
LaTeX Font Info:    Checking defaults for T1/cmr/m/n on input line 101.
LaTeX Font Info:    ... okay on input line 101.
LaTeX Font Info:    Checking defaults for OT1/cmr/m/n on input line 101.
LaTeX Font Info:    ... okay on input line 101.
LaTeX Font Info:    Checking defaults for OMS/cmsy/m/n on input line 101.
LaTeX Font Info:    ... okay on input line 101.
LaTeX Font Info:    Checking defaults for OMX/cmex/m/n on input line 101.
LaTeX Font Info:    ... okay on input line 101.
LaTeX Font Info:    Checking defaults for U/cmr/m/n on input line 101.
LaTeX Font Info:    ... okay on input line 101.

*geometry* driver: auto-detecting
*geometry* detected driver: pdftex
*geometry* verbose mode - [ preamble ] result:
* driver: pdftex
* paper: letterpaper
* layout: <same size as paper>
* layoutoffset:(h,v)=(0.0pt,0.0pt)
* modes: 
* h-part:(L,W,R)=(86.72377pt, 440.84746pt, 86.72377pt)
* v-part:(T,H,B)=(86.72377pt, 621.52245pt, 86.72377pt)
* \paperwidth=614.295pt
* \paperheight=794.96999pt
* \textwidth=469.75499pt
* \textheight=650.43pt
* \oddsidemargin=0.0pt
* \evensidemargin=0.0pt
* \topmargin=-32.52127pt
* \headheight=15.0pt
* \headsep=18.06749pt
* \topskip=12.0pt
* \footskip=30.0pt
* \marginparwidth=44.0pt
* \marginparsep=10.0pt
* \columnsep=10.0pt
* \skip\footins=10.8pt plus 4.0pt minus 2.0pt
* \hoffset=0.0pt
* \voffset=0.0pt
* \mag=1000
* \@twocolumnfalse
* \@twosidefalse
* \@mparswitchfalse
* \@reversemarginfalse
* (1in=72.27pt=25.4mm, 1cm=28.453pt)

Package lastpage Info: Please have a look at the pageslts package at
(lastpage)             https://www.ctan.org/pkg/pageslts
(lastpage)             ! on input line 101.

("C:\Users\Naina Sai Tipparti\AppData\Local\Programs\MiKTeX 2.9\tex\context\bas
e\supp-pdf.mkii"
[Loading MPS to PDF converter (version 2006.09.02).]
\scratchcounter=\count106
\scratchdimen=\dimen117
\scratchbox=\box28
\nofMPsegments=\count107
\nofMParguments=\count108
\everyMPshowfont=\toks20
\MPscratchCnt=\count109
\MPscratchDim=\dimen118
\MPnumerator=\count110
\makeMPintoPDFobject=\count111
\everyMPtoPDFconversion=\toks21
) ABD: EverySelectfont initializing macros
LaTeX Info: Redefining \selectfont on input line 101.
\c@lstlisting=\count112
LaTeX Font Info:    External font `cmex10' loaded for size
(Font)              <14.4> on input line 103.
LaTeX Font Info:    External font `cmex10' loaded for size
(Font)              <7> on input line 103.
 [1


{C:/Users/Naina Sai Tipparti/AppData/Local/MiKTeX/2.9/pdftex/config/pdftex.map}
] (assignment6.toc
LaTeX Font Info:    External font `cmex10' loaded for size
(Font)              <12> on input line 2.
LaTeX Font Info:    External font `cmex10' loaded for size
(Font)              <8> on input line 2.
LaTeX Font Info:    External font `cmex10' loaded for size
(Font)              <6> on input line 2.
)
\tf@toc=\write3
\openout3 = `assignment6.toc'.


(assignment6.lol)
\tf@lol=\write4
\openout4 = `assignment6.lol'.

 (assignment6.lof)
\tf@lof=\write5
\openout5 = `assignment6.lof'.

 [1

]
\openout2 = `q1/q1.aux'.

 (q1/q1.tex (q1/a6.tex
LaTeX Font Info:    Try loading font information for T1+cmtt on input line 7.

("C:\Users\Naina Sai Tipparti\AppData\Local\Programs\MiKTeX 2.9\tex\latex\base\
t1cmtt.fd"
File: t1cmtt.fd 2014/09/29 v2.5h Standard LaTeX font definitions
))
Underfull \hbox (badness 10000) in paragraph at lines 1--7

 []


Underfull \hbox (badness 10000) in paragraph at lines 1--7

 []


Underfull \hbox (badness 10000) in paragraph at lines 1--7

 []


Underfull \hbox (badness 10000) in paragraph at lines 1--7

 []


LaTeX Warning: Citation `d3' on page 2 undefined on input line 9.


Underfull \hbox (badness 10000) in paragraph at lines 9--10

 []


("C:\Users\Naina Sai Tipparti\AppData\Local\Programs\MiKTeX 2.9\tex\latex\listi
ngs\lstlang1.sty"
File: lstlang1.sty 2015/06/04 1.6 listings language file
) (q1/followers.py
LaTeX Font Info:    External font `cmex10' loaded for size
(Font)              <5> on input line 10.
 [2

]
LaTeX Font Info:    Try loading font information for OMS+cmr on input line 56.

("C:\Users\Naina Sai Tipparti\AppData\Local\Programs\MiKTeX 2.9\tex\latex\base\
omscmr.fd"
File: omscmr.fd 2014/09/29 v2.5h Standard LaTeX font definitions
)
LaTeX Font Info:    Font shape `OMS/cmr/m/n' in size <8> not available
(Font)              Font shape `OMS/cmsy/m/n' tried instead on input line 56.
)

LaTeX Warning: Reference `listing:9ulovesu' on page 3 undefined on input line 1
8.

[3] (q1/9ulovesu.json)
<q1/followers_graph.png, id=27, 794.2172pt x 479.54156pt>
File: q1/followers_graph.png Graphic file (type png)

<use q1/followers_graph.png>
Package pdftex.def Info: q1/followers_graph.png used on input line 46.
(pdftex.def)             Requested size: 317.68124pt x 191.81322pt.


LaTeX Warning: `!h' float specifier changed to `!ht'.

) [4] [5 <./q1/followers_graph.png>]
\openout2 = `q2/q2.aux'.

 (q2/q2.tex (q2/a6.tex)
Underfull \hbox (badness 10000) in paragraph at lines 1--7

 []


Underfull \hbox (badness 10000) in paragraph at lines 1--7

 []


Underfull \hbox (badness 10000) in paragraph at lines 1--7

 []


Underfull \hbox (badness 10000) in paragraph at lines 1--7

 []

(q2/gender.py [6


])
LaTeX Font Info:    External font `cmex10' loaded for size
(Font)              <10.95> on input line 16.
 [7] [8] (q2/homophily.py)) [9]
\openout2 = `q3/q3.aux'.

 (q3/q3.tex (q3/a6.tex)
Underfull \hbox (badness 10000) in paragraph at lines 1--7

 []


Underfull \hbox (badness 10000) in paragraph at lines 1--7

 []


LaTeX Warning: Citation `d3:bostok12' on page 10 undefined on input line 9.


LaTeX Warning: Citation `py:pickle' on page 10 undefined on input line 9.


LaTeX Warning: Citation `d3:force14' on page 10 undefined on input line 9.

<q3/init_graph.pdf, id=49, 623.32875pt x 681.54625pt>
File: q3/init_graph.pdf Graphic file (type pdf)
 <use q3/init_graph.pdf>
Package pdftex.def Info: q3/init_graph.pdf used on input line 13.
(pdftex.def)             Requested size: 249.32707pt x 272.61366pt.

<q3/split_graph.pdf, id=50, 543.02875pt x 656.4525pt>
File: q3/split_graph.pdf Graphic file (type pdf)
 <use q3/split_graph.pdf>
Package pdftex.def Info: q3/split_graph.pdf used on input line 20.
(pdftex.def)             Requested size: 217.20764pt x 262.57634pt.


LaTeX Warning: `!h' float specifier changed to `!ht'.

[10


 <./q3/init_graph.pdf>] [11 <./q3/split_graph.pdf>]

LaTeX Warning: Citation `py:pickle' on page 12 undefined on input line 27.


LaTeX Warning: Citation `json' on page 12 undefined on input line 27.


LaTeX Warning: Citation `d3' on page 12 undefined on input line 27.

(q3/convert.py) [12

] (q3/build_graph.html [13

])) [14]
No file assignment6.bbl.

AED: lastpage setting LastPage
[15

] (assignment6.aux (q1/q1.aux) (q2/q2.aux) (q3/q3.aux))

LaTeX Warning: There were undefined references.

 ) 
Here is how much of TeX's memory you used:
 4791 strings out of 493634
 68733 string characters out of 3129934
 381263 words of memory out of 3000000
 8056 multiletter control sequences out of 15000+200000
 18005 words of font info for 43 fonts, out of 3000000 for 9000
 1025 hyphenation exceptions out of 8191
 33i,12n,45p,938b,1843s stack positions out of 5000i,500n,10000p,200000b,50000s
 <C:\Users\Naina Sai Tipparti\AppData\Local\MiKTeX\2.9\fonts\pk\ljfour\jknapp
en\ec\dpi600\ectt0800.pk> <C:\Users\Naina Sai Tipparti\AppData\Local\MiKTeX\2.9
\fonts\pk\ljfour\jknappen\ec\dpi600\ecbx0800.pk> <C:\Users\Naina Sai Tipparti\A
ppData\Local\MiKTeX\2.9\fonts\pk\ljfour\jknappen\ec\dpi600\ecrm0800.pk> <C:\Use
rs\Naina Sai Tipparti\AppData\Local\MiKTeX\2.9\fonts\pk\ljfour\jknappen\ec\dpi6
00\ectt1200.pk> <C:\Users\Naina Sai Tipparti\AppData\Local\MiKTeX\2.9\fonts\pk\
ljfour\jknappen\ec\dpi600\ecrm1200.pk> <C:\Users\Naina Sai Tipparti\AppData\Loc
al\MiKTeX\2.9\fonts\pk\ljfour\jknappen\ec\dpi600\ecbx1200.pk> <C:\Users\Naina S
ai Tipparti\AppData\Local\MiKTeX\2.9\fonts\pk\ljfour\jknappen\ec\dpi600\ecbx172
8.pk> <C:\Users\Naina Sai Tipparti\AppData\Local\MiKTeX\2.9\fonts\pk\ljfour\jkn
appen\ec\dpi600\ecrm1440.pk> <C:\Users\Naina Sai Tipparti\AppData\Local\MiKTeX\
2.9\fonts\pk\ljfour\jknappen\ec\dpi600\ecbx1440.pk> <C:\Users\Naina Sai Tippart
i\AppData\Local\MiKTeX\2.9\fonts\pk\ljfour\jknappen\ec\dpi600\ecti1440.pk> <C:\
Users\Naina Sai Tipparti\AppData\Local\MiKTeX\2.9\fonts\pk\ljfour\jknappen\ec\d
pi600\ecrm1095.pk> <C:\Users\Naina Sai Tipparti\AppData\Local\MiKTeX\2.9\fonts\
pk\ljfour\jknappen\ec\dpi600\ecbx2074.pk><C:/Users/Naina Sai Tipparti/AppData/L
ocal/Programs/MiKTeX 2.9/fonts/type1/public/amsfonts/cm/cmmi12.pfb><C:/Users/Na
ina Sai Tipparti/AppData/Local/Programs/MiKTeX 2.9/fonts/type1/public/amsfonts/
cm/cmr12.pfb><C:/Users/Naina Sai Tipparti/AppData/Local/Programs/MiKTeX 2.9/fon
ts/type1/public/amsfonts/cm/cmsy8.pfb>
Output written on assignment6.pdf (16 pages, 515286 bytes).
PDF statistics:
 558 PDF objects out of 1000 (max. 8388607)
 0 named destinations out of 1000 (max. 500000)
 16 words of extra memory for PDF output out of 10000 (max. 10000000)

