This is pdfTeX, Version 3.14159265-2.6-1.40.16 (TeX Live 2015/Debian) (preloaded format=pdflatex 2016.1.4)  28 JAN 2016 23:58
entering extended mode
 restricted \write18 enabled.
 %&-line parsing enabled.
**Assignment1.tex
(./Assignment1.tex
LaTeX2e <2015/01/01>
Babel <3.9l> and hyphenation patterns for 79 languages loaded.
(/usr/share/texlive/texmf-dist/tex/latex/base/article.cls
Document Class: article 2014/09/29 v1.4h Standard LaTeX document class
(/usr/share/texlive/texmf-dist/tex/latex/base/size10.clo
File: size10.clo 2014/09/29 v1.4h Standard LaTeX file (size option)
)
\c@part=\count79
\c@section=\count80
\c@subsection=\count81
\c@subsubsection=\count82
\c@paragraph=\count83
\c@subparagraph=\count84
\c@figure=\count85
\c@table=\count86
\abovecaptionskip=\skip41
\belowcaptionskip=\skip42
\bibindent=\dimen102
)
(/usr/share/texlive/texmf-dist/tex/latex/graphics/graphicx.sty
Package: graphicx 2014/10/28 v1.0g Enhanced LaTeX Graphics (DPC,SPQR)

(/usr/share/texlive/texmf-dist/tex/latex/graphics/keyval.sty
Package: keyval 2014/10/28 v1.15 key=value parser (DPC)
\KV@toks@=\toks14
)
(/usr/share/texlive/texmf-dist/tex/latex/graphics/graphics.sty
Package: graphics 2014/10/28 v1.0p Standard LaTeX Graphics (DPC,SPQR)

(/usr/share/texlive/texmf-dist/tex/latex/graphics/trig.sty
Package: trig 1999/03/16 v1.09 sin cos tan (DPC)
)
(/usr/share/texlive/texmf-dist/tex/latex/latexconfig/graphics.cfg
File: graphics.cfg 2010/04/23 v1.9 graphics configuration of TeX Live
)
Package graphics Info: Driver file: pdftex.def on input line 94.

(/usr/share/texlive/texmf-dist/tex/latex/pdftex-def/pdftex.def
File: pdftex.def 2011/05/27 v0.06d Graphics/color for pdfTeX

(/usr/share/texlive/texmf-dist/tex/generic/oberdiek/infwarerr.sty
Package: infwarerr 2010/04/08 v1.3 Providing info/warning/error messages (HO)
)
(/usr/share/texlive/texmf-dist/tex/generic/oberdiek/ltxcmds.sty
Package: ltxcmds 2011/11/09 v1.22 LaTeX kernel commands for general use (HO)
)
\Gread@gobject=\count87
))
\Gin@req@height=\dimen103
\Gin@req@width=\dimen104
)
(/usr/share/texlive/texmf-dist/tex/latex/listings/listings.sty
\lst@mode=\count88
\lst@gtempboxa=\box26
\lst@token=\toks15
\lst@length=\count89
\lst@currlwidth=\dimen105
\lst@column=\count90
\lst@pos=\count91
\lst@lostspace=\dimen106
\lst@width=\dimen107
\lst@newlines=\count92
\lst@lineno=\count93
\lst@maxwidth=\dimen108

(/usr/share/texlive/texmf-dist/tex/latex/listings/lstmisc.sty
File: lstmisc.sty 2015/06/04 1.6 (Carsten Heinz)
\c@lstnumber=\count94
\lst@skipnumbers=\count95
\lst@framebox=\box27
)
(/usr/share/texlive/texmf-dist/tex/latex/listings/listings.cfg
File: listings.cfg 2015/06/04 1.6 listings configuration
))
Package: listings 2015/06/04 1.6 (Carsten Heinz)

(/usr/share/texlive/texmf-dist/tex/latex/base/alltt.sty
Package: alltt 1997/06/16 v2.0g defines alltt environment
)
(/usr/share/texlive/texmf-dist/tex/latex/graphics/color.sty
Package: color 2014/10/28 v1.1a Standard LaTeX Color (DPC)

(/usr/share/texlive/texmf-dist/tex/latex/latexconfig/color.cfg
File: color.cfg 2007/01/18 v1.5 color configuration of teTeX/TeXLive
)
Package color Info: Driver file: pdftex.def on input line 142.
)
(./Assignment1.aux)
\openout1 = `Assignment1.aux'.

LaTeX Font Info:    Checking defaults for OML/cmm/m/it on input line 17.
LaTeX Font Info:    ... okay on input line 17.
LaTeX Font Info:    Checking defaults for T1/cmr/m/n on input line 17.
LaTeX Font Info:    ... okay on input line 17.
LaTeX Font Info:    Checking defaults for OT1/cmr/m/n on input line 17.
LaTeX Font Info:    ... okay on input line 17.
LaTeX Font Info:    Checking defaults for OMS/cmsy/m/n on input line 17.
LaTeX Font Info:    ... okay on input line 17.
LaTeX Font Info:    Checking defaults for OMX/cmex/m/n on input line 17.
LaTeX Font Info:    ... okay on input line 17.
LaTeX Font Info:    Checking defaults for U/cmr/m/n on input line 17.
LaTeX Font Info:    ... okay on input line 17.

(/usr/share/texlive/texmf-dist/tex/context/base/supp-pdf.mkii
[Loading MPS to PDF converter (version 2006.09.02).]
\scratchcounter=\count96
\scratchdimen=\dimen109
\scratchbox=\box28
\nofMPsegments=\count97
\nofMParguments=\count98
\everyMPshowfont=\toks16
\MPscratchCnt=\count99
\MPscratchDim=\dimen110
\MPnumerator=\count100
\makeMPintoPDFobject=\count101
\everyMPtoPDFconversion=\toks17
) (/usr/share/texlive/texmf-dist/tex/generic/oberdiek/pdftexcmds.sty
Package: pdftexcmds 2011/11/29 v0.20 Utility functions of pdfTeX for LuaTeX (HO
)

(/usr/share/texlive/texmf-dist/tex/generic/oberdiek/ifluatex.sty
Package: ifluatex 2010/03/01 v1.3 Provides the ifluatex switch (HO)
Package ifluatex Info: LuaTeX not detected.
)
(/usr/share/texlive/texmf-dist/tex/generic/oberdiek/ifpdf.sty
Package: ifpdf 2011/01/30 v2.3 Provides the ifpdf switch (HO)
Package ifpdf Info: pdfTeX in PDF mode is detected.
)
Package pdftexcmds Info: LuaTeX not detected.
Package pdftexcmds Info: \pdf@primitive is available.
Package pdftexcmds Info: \pdf@ifprimitive is available.
Package pdftexcmds Info: \pdfdraftmode found.
)
(/usr/share/texlive/texmf-dist/tex/latex/oberdiek/epstopdf-base.sty
Package: epstopdf-base 2010/02/09 v2.5 Base part for package epstopdf

(/usr/share/texlive/texmf-dist/tex/latex/oberdiek/grfext.sty
Package: grfext 2010/08/19 v1.1 Manage graphics extensions (HO)

(/usr/share/texlive/texmf-dist/tex/generic/oberdiek/kvdefinekeys.sty
Package: kvdefinekeys 2011/04/07 v1.3 Define keys (HO)
))
(/usr/share/texlive/texmf-dist/tex/latex/oberdiek/kvoptions.sty
Package: kvoptions 2011/06/30 v3.11 Key value format for package options (HO)

(/usr/share/texlive/texmf-dist/tex/generic/oberdiek/kvsetkeys.sty
Package: kvsetkeys 2012/04/25 v1.16 Key value parser (HO)

(/usr/share/texlive/texmf-dist/tex/generic/oberdiek/etexcmds.sty
Package: etexcmds 2011/02/16 v1.5 Avoid name clashes with e-TeX commands (HO)
Package etexcmds Info: Could not find \expanded.
(etexcmds)             That can mean that you are not using pdfTeX 1.50 or
(etexcmds)             that some package has redefined \expanded.
(etexcmds)             In the latter case, load this package earlier.
)))
Package grfext Info: Graphics extension search list:
(grfext)             [.png,.pdf,.jpg,.mps,.jpeg,.jbig2,.jb2,.PNG,.PDF,.JPG,.JPE
G,.JBIG2,.JB2,.eps]
(grfext)             \AppendGraphicsExtensions on input line 452.

(/usr/share/texlive/texmf-dist/tex/latex/latexconfig/epstopdf-sys.cfg
File: epstopdf-sys.cfg 2010/07/13 v1.3 Configuration of (r)epstopdf for TeX Liv
e
))
\c@lstlisting=\count102

[1

{/var/lib/texmf/fonts/map/pdftex/updmap/pdftex.map}]
Underfull \hbox (badness 10000) in paragraph at lines 49--53

 []


Overfull \hbox (17.24684pt too wide) in paragraph at lines 56--57
[]   \OT1/cmtt/m/n/10 (puHTTP)  Sends  the  specified data in a \OT1/cmtt/m/it/
10 POST request to the HTTP[] 
 []


Overfull \hbox (8.48305pt too wide) in paragraph at lines 57--57
[]   \OT1/cmtt/m/it/10 server\OT1/cmtt/m/n/10 , in the same way that a browser 
 does  when  a  user  has[] 
 []


Overfull \hbox (6.74693pt too wide) in paragraph at lines 58--58
[]   \OT1/cmtt/m/n/10 filled  in an HTML form and presses the submit button. Th
is will[] 
 []


Overfull \hbox (6.74693pt too wide) in paragraph at lines 59--59
[]   \OT1/cmtt/m/n/10 cause curl to pass the data to the server using the conte
nt-type[] 
 []

LaTeX Font Info:    External font `cmex10' loaded for size
(Font)              <8> on input line 65.
LaTeX Font Info:    External font `cmex10' loaded for size
(Font)              <6> on input line 65.
LaTeX Font Info:    External font `cmex10' loaded for size
(Font)              <5> on input line 65.
<images/webciteForm.png, id=8, 1672.2475pt x 826.08624pt>
File: images/webciteForm.png Graphic file (type png)

<use images/webciteForm.png>
Package pdftex.def Info: images/webciteForm.png used on input line 85.
(pdftex.def)             Requested size: 585.2954pt x 289.1345pt.

Overfull \hbox (240.2954pt too wide) in paragraph at lines 85--86
 [][] 
 []

[1] [2 <./images/webciteForm.png>]
Overfull \hbox (53.99652pt too wide) in paragraph at lines 97--97
[]        \OT1/cmtt/m/n/10 HTTP-servers feature the command HEAD which this use
s to get nothing[] 
 []


Overfull \hbox (27.74675pt too wide) in paragraph at lines 97--97
[]        \OT1/cmtt/m/n/10 but the header of a document. When used on an FTP or
 FILE file,[] 
 []


Overfull \hbox (11.99689pt too wide) in paragraph at lines 97--97
[]        \OT1/cmtt/m/n/10 curl displays the file size and last modification ti
me only.[] 
 []

<images/curled.png, id=21, 1476.51625pt x 1002.74625pt>
File: images/curled.png Graphic file (type png)

<use images/curled.png>
Package pdftex.def Info: images/curled.png used on input line 105.
(pdftex.def)             Requested size: 442.9583pt x 300.82619pt.

Overfull \hbox (97.9583pt too wide) in paragraph at lines 105--106
[][] 
 []

[3 <./images/curled.png>]
Overfull \hbox (1.49698pt too wide) in paragraph at lines 123--123
[]     \OT1/cmtt/m/n/10 all the redirects until the link terminates with a "200
 OK".)[] 
 []


Overfull \hbox (1.49698pt too wide) in paragraph at lines 123--123
[]  \OT1/cmtt/m/n/10 4. show that the program works on 3 different URIs, one of
 which[] 
 []

(/usr/share/texlive/texmf-dist/tex/latex/listings/lstlang1.sty
File: lstlang1.sty 2015/06/04 1.6 listings language file
)
(./followLinks.py
LaTeX Font Info:    Try loading font information for OMS+cmr on input line 11.
 (/usr/share/texlive/texmf-dist/tex/latex/base/omscmr.fd
File: omscmr.fd 2014/09/29 v2.5h Standard LaTeX font definitions
)
LaTeX Font Info:    Font shape `OMS/cmr/m/n' in size <8> not available
(Font)              Font shape `OMS/cmsy/m/n' tried instead on input line 11.

[4] [5])
LaTeX Font Info:    Font shape `OMS/cmr/m/n' in size <10> not available
(Font)              Font shape `OMS/cmsy/m/n' tried instead on input line 134.
 [6]
Underfull \hbox (badness 10000) in paragraph at lines 147--150

 []


Overfull \hbox (6.83412pt too wide) in paragraph at lines 151--154
\OT1/cmr/m/n/10 Executing: python3 fol-lowLinks.py http://www.cs.odu.edu/ mln/t
eaching/cs532-
 []


Overfull \hbox (111.74602pt too wide) in paragraph at lines 191--191
[]\OT1/cmtt/m/n/10 The link http://www.cs.odu.edu/~mln/pubs/ht-2015/hypertext-2
015-temporal-violations.pdf[] 
 []


Overfull \hbox (53.99652pt too wide) in paragraph at lines 191--191
[]\OT1/cmtt/m/n/10 The link http://www.cs.odu.edu/~mln/pubs/tpdl-2015/tpdl-2015
-annotations.pdf[] 
 []


Overfull \hbox (38.24666pt too wide) in paragraph at lines 191--191
[]\OT1/cmtt/m/n/10 The link http://arxiv.org/pdf/1512.06195 was a link to an ac
tual pdf file[] 
 []


Overfull \hbox (43.49661pt too wide) in paragraph at lines 191--191
[]\OT1/cmtt/m/n/10 The link http://www.cs.odu.edu/~mln/pubs/tpdl-2015/tpdl-2015
-off-topic.pdf[] 
 []


Overfull \hbox (32.9967pt too wide) in paragraph at lines 191--191
[]\OT1/cmtt/m/n/10 The link http://www.cs.odu.edu/~mln/pubs/tpdl-2015/tpdl-2015
-stories.pdf[] 
 []


Overfull \hbox (43.49661pt too wide) in paragraph at lines 191--191
[]\OT1/cmtt/m/n/10 The link http://www.cs.odu.edu/~mln/pubs/tpdl-2015/tpdl-2015
-profiling.pdf[] 
 []

[7]
Overfull \hbox (43.49661pt too wide) in paragraph at lines 191--191
[]\OT1/cmtt/m/n/10 http://www.cs.odu.edu/~mln/pubs/jcdl-2015/jcdl-2015-temporal
-intention.pdf[] 
 []


Overfull \hbox (17.24684pt too wide) in paragraph at lines 191--191
[]\OT1/cmtt/m/n/10 The link http://www.cs.odu.edu/~mln/pubs/jcdl-2015/jcdl-2015
-mink.pdf[] 
 []


Overfull \hbox (59.24648pt too wide) in paragraph at lines 191--191
[]\OT1/cmtt/m/n/10 The link http://www.cs.odu.edu/~mln/pubs/jcdl-2015/jcdl-2015
-arabic-sites.pdf[] 
 []


Overfull \hbox (48.74657pt too wide) in paragraph at lines 191--191
[]\OT1/cmtt/m/n/10 The link http://www.cs.odu.edu/~mln/pubs/jcdl-2015/jcdl-2015
-dictionary.pdf[] 
 []


Overfull \hbox (64.97313pt too wide) in paragraph at lines 192--195
\OT1/cmr/m/n/10 Now when ex-e-cut-ing it with a link straight to a pdf such as 
http://arxiv.org/pdf/1512.06195.pdf 
 []


Overfull \hbox (64.49643pt too wide) in paragraph at lines 242--242
[]\OT1/cmtt/m/n/10 http://www.cs.odu.edu/~mln/pubs/ht-2015/hypertext-2015-tempo
ral-violations.pdf[] 
 []


Overfull \hbox (342.744pt too wide) in paragraph at lines 242--242
[]\OT1/cmtt/m/n/10 The link http://www.cs.odu.edu/~mln/pubs/tpdl-2015/tpdl-2015
-annotations.pdf was a link to an actual pdf file  its length is 622981[] 
 []


Overfull \hbox (38.24666pt too wide) in paragraph at lines 242--242
[]\OT1/cmtt/m/n/10 The link http://arxiv.org/pdf/1512.06195 was a link to an ac
tual pdf file[] 
 []


Overfull \hbox (337.49405pt too wide) in paragraph at lines 242--242
[]\OT1/cmtt/m/n/10 The link http://www.cs.odu.edu/~mln/pubs/tpdl-2015/tpdl-2015
-off-topic.pdf was a link to an actual pdf file  its length is 4308768[] 
 []


Overfull \hbox (32.9967pt too wide) in paragraph at lines 242--242
[]\OT1/cmtt/m/n/10 The link http://www.cs.odu.edu/~mln/pubs/tpdl-2015/tpdl-2015
-stories.pdf[] 
 []


Overfull \hbox (43.49661pt too wide) in paragraph at lines 242--242
[]\OT1/cmtt/m/n/10 The link http://www.cs.odu.edu/~mln/pubs/tpdl-2015/tpdl-2015
-profiling.pdf[] 
 []

[8]
Overfull \hbox (43.49661pt too wide) in paragraph at lines 242--242
[]\OT1/cmtt/m/n/10 http://www.cs.odu.edu/~mln/pubs/jcdl-2015/jcdl-2015-temporal
-intention.pdf[] 
 []


Overfull \hbox (17.24684pt too wide) in paragraph at lines 242--242
[]\OT1/cmtt/m/n/10 The link http://www.cs.odu.edu/~mln/pubs/jcdl-2015/jcdl-2015
-mink.pdf[] 
 []


Overfull \hbox (59.24648pt too wide) in paragraph at lines 242--242
[]\OT1/cmtt/m/n/10 The link http://www.cs.odu.edu/~mln/pubs/jcdl-2015/jcdl-2015
-arabic-sites.pdf[] 
 []


Overfull \hbox (48.74657pt too wide) in paragraph at lines 242--242
[]\OT1/cmtt/m/n/10 The link http://www.cs.odu.edu/~mln/pubs/jcdl-2015/jcdl-2015
-dictionary.pdf[] 
 []

[9] [10] <images/bowTie.png, id=51, 1734.48pt x 919.2744pt>
File: images/bowTie.png Graphic file (type png)

<use images/bowTie.png>
Package pdftex.def Info: images/bowTie.png used on input line 297.
(pdftex.def)             Requested size: 520.34802pt x 275.78444pt.

Overfull \hbox (175.34802pt too wide) in paragraph at lines 297--298
[][] 
 []

<images/bt2.png, id=53, 1734.48pt x 919.2744pt>
File: images/bt2.png Graphic file (type png)
 <use images/bt2.png>
Package pdftex.def Info: images/bt2.png used on input line 303.
(pdftex.def)             Requested size: 520.34802pt x 275.78444pt.

Overfull \hbox (175.34802pt too wide) in paragraph at lines 303--304
[][] 
 []

[11 <./images/bowTie.png>] [12 <./images/bt2.png>] (./Assignment1.aux) ) 
Here is how much of TeX's memory you used:
 3040 strings out of 493085
 43455 string characters out of 6136918
 329477 words of memory out of 5000000
 6498 multiletter control sequences out of 15000+600000
 7962 words of font info for 29 fonts, out of 8000000 for 9000
 1141 hyphenation exceptions out of 8191
 38i,8n,43p,287b,1712s stack positions out of 5000i,500n,10000p,200000b,80000s
</usr/s
hare/texlive/texmf-dist/fonts/type1/public/amsfonts/cm/cmbx10.pfb></usr/share/t
exlive/texmf-dist/fonts/type1/public/amsfonts/cm/cmbx12.pfb></usr/share/texlive
/texmf-dist/fonts/type1/public/amsfonts/cm/cmitt10.pfb></usr/share/texlive/texm
f-dist/fonts/type1/public/amsfonts/cm/cmr10.pfb></usr/share/texlive/texmf-dist/
fonts/type1/public/amsfonts/cm/cmr12.pfb></usr/share/texlive/texmf-dist/fonts/t
ype1/public/amsfonts/cm/cmr17.pfb></usr/share/texlive/texmf-dist/fonts/type1/pu
blic/amsfonts/cm/cmr5.pfb></usr/share/texlive/texmf-dist/fonts/type1/public/ams
fonts/cm/cmr8.pfb></usr/share/texlive/texmf-dist/fonts/type1/public/amsfonts/cm
/cmsy10.pfb></usr/share/texlive/texmf-dist/fonts/type1/public/amsfonts/cm/cmsy8
.pfb></usr/share/texlive/texmf-dist/fonts/type1/public/amsfonts/cm/cmti10.pfb><
/usr/share/texlive/texmf-dist/fonts/type1/public/amsfonts/cm/cmtt10.pfb>
Output written on Assignment1.pdf (13 pages, 530179 bytes).
PDF statistics:
 102 PDF objects out of 1000 (max. 8388607)
 68 compressed objects within 1 object stream
 0 named destinations out of 1000 (max. 500000)
 21 words of extra memory for PDF output out of 10000 (max. 10000000)

